2022-07-11 08:59:38 - INFO - 联合测试开始-------------------------------------------
2022-07-11 09:31:57 - INFO - train_image_ml 单帧pose训练开始--------------------------------
2022-07-11 09:31:57 - INFO - 开始训练SGD分类器:训练集数据规模(54870,86),54870
2022-07-11 09:31:58 - INFO - 训练集正确率:87.206%,测试集正确率:82.905%
2022-07-11 09:31:59 - INFO - 数值:3855.000000, 指标:calculate_TP
2022-07-11 09:31:59 - INFO - 数值:27803.000000, 指标:calculate_TN
2022-07-11 09:31:59 - INFO - 数值:2073.000000, 指标:calculate_FP
2022-07-11 09:31:59 - INFO - 数值:4455.000000, 指标:calculate_FN
2022-07-11 09:31:59 - INFO - 数值:0.650304, 指标:calculate_precision
2022-07-11 09:31:59 - INFO - 数值:0.463899, 指标:calculate_recall
2022-07-11 09:31:59 - INFO - 数值:0.541509, 指标:calculate_F1
2022-07-11 09:31:59 - INFO - 数值:0.697256, 指标:roc_auc
2022-07-11 09:31:59 - INFO - 数值:0.170953, 指标:brier_score
2022-07-11 09:31:59 - INFO - 数值:0.829047, 指标:calculate_accuracy
2022-07-11 09:31:59 - INFO - SGD:总运行时间8.541749秒,数据读取时间6.602955秒,训练时间1.938794秒
2022-07-11 09:34:11 - INFO - train_image_ml 单帧pose训练开始--------------------------------
2022-07-11 09:34:11 - INFO - 开始训练SGD分类器:训练集数据规模(54870,86),54870
2022-07-11 09:34:13 - INFO - 训练集正确率:86.705%,测试集正确率:82.737%
2022-07-11 09:34:13 - INFO - 数值:4032.000000, 指标:calculate_TP
2022-07-11 09:34:13 - INFO - 数值:27562.000000, 指标:calculate_TN
2022-07-11 09:34:13 - INFO - 数值:2314.000000, 指标:calculate_FP
2022-07-11 09:34:13 - INFO - 数值:4278.000000, 指标:calculate_FN
2022-07-11 09:34:13 - INFO - 数值:0.635361, 指标:calculate_precision
2022-07-11 09:34:13 - INFO - 数值:0.485199, 指标:calculate_recall
2022-07-11 09:34:13 - INFO - 数值:0.550218, 指标:calculate_F1
2022-07-11 09:34:13 - INFO - 数值:0.703873, 指标:roc_auc
2022-07-11 09:34:13 - INFO - 数值:0.172629, 指标:brier_score
2022-07-11 09:34:13 - INFO - 数值:0.827371, 指标:calculate_accuracy
2022-07-11 09:34:13 - INFO - SGD:总运行时间7.542447秒,数据读取时间5.732729秒,训练时间1.809718秒
2022-07-11 09:34:41 - INFO - train_image_ml 单帧pose训练开始--------------------------------
2022-07-11 09:34:41 - INFO - 开始训练SGD分类器:训练集数据规模(54870,86),54870
2022-07-11 09:34:42 - INFO - 训练集正确率:86.623%,测试集正确率:82.350%
2022-07-11 09:34:42 - INFO - 数值:3296.000000, 指标:calculate_TP
2022-07-11 09:34:42 - INFO - 数值:28150.000000, 指标:calculate_TN
2022-07-11 09:34:42 - INFO - 数值:1726.000000, 指标:calculate_FP
2022-07-11 09:34:42 - INFO - 数值:5014.000000, 指标:calculate_FN
2022-07-11 09:34:42 - INFO - 数值:0.656312, 指标:calculate_precision
2022-07-11 09:34:42 - INFO - 数值:0.396631, 指标:calculate_recall
2022-07-11 09:34:42 - INFO - 数值:0.494449, 指标:calculate_F1
2022-07-11 09:34:42 - INFO - 数值:0.669429, 指标:roc_auc
2022-07-11 09:34:42 - INFO - 数值:0.176504, 指标:brier_score
2022-07-11 09:34:43 - INFO - 数值:0.823496, 指标:calculate_accuracy
2022-07-11 09:34:43 - INFO - SGD:总运行时间7.585434秒,数据读取时间5.781257秒,训练时间1.804177秒
2022-07-11 09:35:05 - INFO - train_image_ml 单帧pose训练开始--------------------------------
2022-07-11 09:35:05 - INFO - 开始训练SGD分类器:训练集数据规模(54870,86),54870
2022-07-11 09:35:06 - INFO - 训练集正确率:83.742%,测试集正确率:80.181%
2022-07-11 09:35:06 - INFO - 数值:3875.000000, 指标:calculate_TP
2022-07-11 09:35:06 - INFO - 数值:26743.000000, 指标:calculate_TN
2022-07-11 09:35:06 - INFO - 数值:3133.000000, 指标:calculate_FP
2022-07-11 09:35:06 - INFO - 数值:4435.000000, 指标:calculate_FN
2022-07-11 09:35:06 - INFO - 数值:0.552939, 指标:calculate_precision
2022-07-11 09:35:07 - INFO - 数值:0.466306, 指标:calculate_recall
2022-07-11 09:35:07 - INFO - 数值:0.505941, 指标:calculate_F1
2022-07-11 09:35:07 - INFO - 数值:0.680719, 指标:roc_auc
2022-07-11 09:35:07 - INFO - 数值:0.198188, 指标:brier_score
2022-07-11 09:35:07 - INFO - 数值:0.801812, 指标:calculate_accuracy
2022-07-11 09:35:07 - INFO - SGD:总运行时间7.242647秒,数据读取时间5.633939秒,训练时间1.608709秒
2022-07-11 09:36:03 - INFO - train_image_ml 单帧pose训练开始--------------------------------
2022-07-11 09:36:03 - INFO - 开始训练Forest分类器:训练集数据规模(54870,86),54870
2022-07-11 09:36:08 - INFO - 数值:3875.000000, 指标:calculate_TP
2022-07-11 09:36:08 - INFO - 数值:28658.000000, 指标:calculate_TN
2022-07-11 09:36:08 - INFO - 数值:1218.000000, 指标:calculate_FP
2022-07-11 09:36:08 - INFO - 数值:4435.000000, 指标:calculate_FN
2022-07-11 09:36:08 - INFO - 数值:0.760848, 指标:calculate_precision
2022-07-11 09:36:09 - INFO - 数值:0.466306, 指标:calculate_recall
2022-07-11 09:36:09 - INFO - 数值:0.578229, 指标:calculate_F1
2022-07-11 09:36:09 - INFO - 数值:0.712769, 指标:roc_auc
2022-07-11 09:36:09 - INFO - 数值:0.148039, 指标:brier_score
2022-07-11 09:36:09 - INFO - 数值:0.851961, 指标:calculate_accuracy
2022-07-11 09:36:09 - INFO - Forest:总运行时间11.616431秒,数据读取时间5.776557秒,训练时间5.839875秒
2022-07-11 09:36:38 - INFO - train_image_ml 单帧pose训练开始--------------------------------
2022-07-11 09:36:38 - INFO - 开始训练Forest分类器:训练集数据规模(54870,86),54870
2022-07-11 09:36:43 - INFO - 数值:3822.000000, 指标:calculate_TP
2022-07-11 09:36:44 - INFO - 数值:28750.000000, 指标:calculate_TN
2022-07-11 09:36:44 - INFO - 数值:1126.000000, 指标:calculate_FP
2022-07-11 09:36:44 - INFO - 数值:4488.000000, 指标:calculate_FN
2022-07-11 09:36:44 - INFO - 数值:0.772433, 指标:calculate_precision
2022-07-11 09:36:44 - INFO - 数值:0.459928, 指标:calculate_recall
2022-07-11 09:36:44 - INFO - 数值:0.576558, 指标:calculate_F1
2022-07-11 09:36:44 - INFO - 数值:0.711119, 指标:roc_auc
2022-07-11 09:36:44 - INFO - 数值:0.147017, 指标:brier_score
2022-07-11 09:36:44 - INFO - 数值:0.852983, 指标:calculate_accuracy
2022-07-11 09:36:44 - INFO - Forest:总运行时间11.860380秒,数据读取时间5.681379秒,训练时间6.179001秒
2022-07-11 09:37:05 - INFO - train_image_ml 单帧pose训练开始--------------------------------
2022-07-11 09:37:05 - INFO - 开始训练Forest分类器:训练集数据规模(54870,86),54870
2022-07-11 09:37:10 - INFO - 数值:3243.000000, 指标:calculate_TP
2022-07-11 09:37:10 - INFO - 数值:28660.000000, 指标:calculate_TN
2022-07-11 09:37:10 - INFO - 数值:1216.000000, 指标:calculate_FP
2022-07-11 09:37:10 - INFO - 数值:5067.000000, 指标:calculate_FN
2022-07-11 09:37:10 - INFO - 数值:0.727293, 指标:calculate_precision
2022-07-11 09:37:10 - INFO - 数值:0.390253, 指标:calculate_recall
2022-07-11 09:37:10 - INFO - 数值:0.507949, 指标:calculate_F1
2022-07-11 09:37:10 - INFO - 数值:0.674776, 指标:roc_auc
2022-07-11 09:37:10 - INFO - 数值:0.164537, 指标:brier_score
2022-07-11 09:37:10 - INFO - 数值:0.835463, 指标:calculate_accuracy
2022-07-11 09:37:10 - INFO - Forest:总运行时间10.808101秒,数据读取时间5.676863秒,训练时间5.131239秒
2022-07-11 09:37:25 - INFO - train_image_ml 单帧pose训练开始--------------------------------
2022-07-11 09:37:25 - INFO - 开始训练Forest分类器:训练集数据规模(54870,86),54870
2022-07-11 09:37:30 - INFO - 数值:3822.000000, 指标:calculate_TP
2022-07-11 09:37:30 - INFO - 数值:28750.000000, 指标:calculate_TN
2022-07-11 09:37:30 - INFO - 数值:1126.000000, 指标:calculate_FP
2022-07-11 09:37:30 - INFO - 数值:4488.000000, 指标:calculate_FN
2022-07-11 09:37:30 - INFO - 数值:0.772433, 指标:calculate_precision
2022-07-11 09:37:30 - INFO - 数值:0.459928, 指标:calculate_recall
2022-07-11 09:37:31 - INFO - 数值:0.576558, 指标:calculate_F1
2022-07-11 09:37:31 - INFO - 数值:0.711119, 指标:roc_auc
2022-07-11 09:37:31 - INFO - 数值:0.147017, 指标:brier_score
2022-07-11 09:37:31 - INFO - 数值:0.852983, 指标:calculate_accuracy
2022-07-11 09:37:31 - INFO - Forest:总运行时间11.851681秒,数据读取时间5.672889秒,训练时间6.178792秒
2022-07-11 09:38:01 - INFO - train_image_ml 单帧pose训练开始--------------------------------
2022-07-11 09:38:01 - INFO - 开始训练LinearSVC分类器:训练集数据规模(54870,86),54870
2022-07-11 09:39:12 - INFO - 训练集正确率:87.254%,测试集正确率:83.263%
2022-07-11 09:39:12 - INFO - 数值:3415.000000, 指标:calculate_TP
2022-07-11 09:39:12 - INFO - 数值:28380.000000, 指标:calculate_TN
2022-07-11 09:39:12 - INFO - 数值:1496.000000, 指标:calculate_FP
2022-07-11 09:39:12 - INFO - 数值:4895.000000, 指标:calculate_FN
2022-07-11 09:39:12 - INFO - 数值:0.695378, 指标:calculate_precision
2022-07-11 09:39:13 - INFO - 数值:0.410951, 指标:calculate_recall
2022-07-11 09:39:13 - INFO - 数值:0.516602, 指标:calculate_F1
2022-07-11 09:39:13 - INFO - 数值:0.680439, 指标:roc_auc
2022-07-11 09:39:13 - INFO - 数值:0.167365, 指标:brier_score
2022-07-11 09:39:13 - INFO - 数值:0.832635, 指标:calculate_accuracy
2022-07-11 09:39:13 - INFO - LinearSVC:总运行时间77.904676秒,数据读取时间5.633993秒,训练时间72.270683秒
2022-07-11 09:39:39 - INFO - train_image_ml 单帧pose训练开始--------------------------------
2022-07-11 09:39:39 - INFO - 开始训练LogisticRegression分类器:训练集数据规模(54870,86),54870
2022-07-11 09:49:27 - INFO - train_image_ml 单帧pose训练开始--------------------------------
2022-07-11 09:49:27 - INFO - 开始训练LogisticRegression分类器:训练集数据规模(54870,96),54870
2022-07-11 09:49:40 - INFO - 训练集正确率:87.445%,测试集正确率:83.803%
2022-07-11 09:49:40 - INFO - 数值:3876.000000, 指标:calculate_TP
2022-07-11 09:49:41 - INFO - 数值:28125.000000, 指标:calculate_TN
2022-07-11 09:49:41 - INFO - 数值:1751.000000, 指标:calculate_FP
2022-07-11 09:49:41 - INFO - 数值:4434.000000, 指标:calculate_FN
2022-07-11 09:49:41 - INFO - 数值:0.688822, 指标:calculate_precision
2022-07-11 09:49:41 - INFO - 数值:0.466426, 指标:calculate_recall
2022-07-11 09:49:41 - INFO - 数值:0.556217, 指标:calculate_F1
2022-07-11 09:49:41 - INFO - 数值:0.703909, 指标:roc_auc
2022-07-11 09:49:41 - INFO - 数值:0.161970, 指标:brier_score
2022-07-11 09:49:41 - INFO - 数值:0.838030, 指标:calculate_accuracy
2022-07-11 09:49:41 - INFO - LogisticRegression:总运行时间19.854502秒,数据读取时间5.625537秒,训练时间14.228966秒
2022-07-11 09:53:54 - INFO - train_image_ml 单帧pose训练开始--------------------------------
2022-07-11 09:53:54 - INFO - 开始训练GradientBooting分类器:训练集数据规模(54870,96),54870
2022-07-11 09:54:38 - INFO - 训练集正确率:89.605%,测试集正确率:85.039%
2022-07-11 09:54:38 - INFO - 数值:4362.000000, 指标:calculate_TP
2022-07-11 09:54:38 - INFO - 数值:28111.000000, 指标:calculate_TN
2022-07-11 09:54:38 - INFO - 数值:1765.000000, 指标:calculate_FP
2022-07-11 09:54:38 - INFO - 数值:3948.000000, 指标:calculate_FN
2022-07-11 09:54:38 - INFO - 数值:0.711931, 指标:calculate_precision
2022-07-11 09:54:38 - INFO - 数值:0.524910, 指标:calculate_recall
2022-07-11 09:54:38 - INFO - 数值:0.604281, 指标:calculate_F1
2022-07-11 09:54:38 - INFO - 数值:0.732916, 指标:roc_auc
2022-07-11 09:54:38 - INFO - 数值:0.149610, 指标:brier_score
2022-07-11 09:54:39 - INFO - 数值:0.850390, 指标:calculate_accuracy
2022-07-11 09:54:39 - INFO - GradientBooting:总运行时间50.647912秒,数据读取时间5.987109秒,训练时间44.660803秒
2022-07-11 09:58:49 - INFO - train_image_ml 单帧pose训练开始--------------------------------
2022-07-11 09:58:49 - INFO - 开始训练LogisticRegression分类器:训练集数据规模(54870,96),54870
2022-07-11 09:59:04 - INFO - 训练集正确率:87.449%,测试集正确率:83.806%
2022-07-11 09:59:04 - INFO - 数值:3870.000000, 指标:calculate_TP
2022-07-11 09:59:04 - INFO - 数值:28132.000000, 指标:calculate_TN
2022-07-11 09:59:04 - INFO - 数值:1744.000000, 指标:calculate_FP
2022-07-11 09:59:04 - INFO - 数值:4440.000000, 指标:calculate_FN
2022-07-11 09:59:04 - INFO - 数值:0.689348, 指标:calculate_precision
2022-07-11 09:59:04 - INFO - 数值:0.465704, 指标:calculate_recall
2022-07-11 09:59:04 - INFO - 数值:0.555875, 指标:calculate_F1
2022-07-11 09:59:04 - INFO - 数值:0.703665, 指标:roc_auc
2022-07-11 09:59:04 - INFO - 数值:0.161944, 指标:brier_score
2022-07-11 09:59:04 - INFO - 数值:0.838056, 指标:calculate_accuracy
2022-07-11 09:59:04 - INFO - LogisticRegression:总运行时间21.523358秒,数据读取时间6.048882秒,训练时间15.474477秒
2022-07-12 16:35:46 - INFO - train_image_ml 单帧pose训练开始--------------------------------
2022-07-12 16:35:46 - INFO - 开始训练LogisticRegression分类器:训练集数据规模(56024,96),56024
2022-07-12 16:35:57 - INFO - 训练集正确率:87.664%,测试集正确率:84.038%
2022-07-12 16:35:57 - INFO - 数值:3928.000000, 指标:calculate_TP
2022-07-12 16:35:57 - INFO - 数值:28577.000000, 指标:calculate_TN
2022-07-12 16:35:57 - INFO - 数值:1683.000000, 指标:calculate_FP
2022-07-12 16:35:57 - INFO - 数值:4491.000000, 指标:calculate_FN
2022-07-12 16:35:57 - INFO - 数值:0.700053, 指标:calculate_precision
2022-07-12 16:35:57 - INFO - 数值:0.466564, 指标:calculate_recall
2022-07-12 16:35:57 - INFO - 数值:0.559943, 指标:calculate_F1
2022-07-12 16:35:57 - INFO - 数值:0.705473, 指标:roc_auc
2022-07-12 16:35:57 - INFO - 数值:0.159622, 指标:brier_score
2022-07-12 16:35:58 - INFO - 数值:0.840378, 指标:calculate_accuracy
2022-07-12 16:35:58 - INFO - LogisticRegression:总运行时间17.559451秒,数据读取时间5.787705秒,训练时间11.771745秒
2022-07-12 16:36:16 - INFO - train_image_ml 单帧pose训练开始--------------------------------
2022-07-12 16:36:16 - INFO - 开始训练SGD分类器:训练集数据规模(56024,96),56024
2022-07-12 16:36:17 - INFO - 训练集正确率:86.386%,测试集正确率:83.368%
2022-07-12 16:36:17 - INFO - 数值:4800.000000, 指标:calculate_TP
2022-07-12 16:36:17 - INFO - 数值:27446.000000, 指标:calculate_TN
2022-07-12 16:36:17 - INFO - 数值:2814.000000, 指标:calculate_FP
2022-07-12 16:36:17 - INFO - 数值:3619.000000, 指标:calculate_FN
2022-07-12 16:36:17 - INFO - 数值:0.630418, 指标:calculate_precision
2022-07-12 16:36:17 - INFO - 数值:0.570139, 指标:calculate_recall
2022-07-12 16:36:17 - INFO - 数值:0.598765, 指标:calculate_F1
2022-07-12 16:36:17 - INFO - 数值:0.738572, 指标:roc_auc
2022-07-12 16:36:17 - INFO - 数值:0.166318, 指标:brier_score
2022-07-12 16:36:17 - INFO - 数值:0.833682, 指标:calculate_accuracy
2022-07-12 16:36:17 - INFO - SGD:总运行时间7.532977秒,数据读取时间5.718819秒,训练时间1.814158秒
2022-07-12 16:36:39 - INFO - train_image_ml 单帧pose训练开始--------------------------------
2022-07-12 16:36:39 - INFO - 开始训练SGD分类器:训练集数据规模(54870,96),54870
2022-07-12 16:36:41 - INFO - 训练集正确率:87.068%,测试集正确率:83.250%
2022-07-12 16:36:41 - INFO - 数值:3910.000000, 指标:calculate_TP
2022-07-12 16:36:41 - INFO - 数值:27880.000000, 指标:calculate_TN
2022-07-12 16:36:41 - INFO - 数值:1996.000000, 指标:calculate_FP
2022-07-12 16:36:41 - INFO - 数值:4400.000000, 指标:calculate_FN
2022-07-12 16:36:41 - INFO - 数值:0.662039, 指标:calculate_precision
2022-07-12 16:36:41 - INFO - 数值:0.470517, 指标:calculate_recall
2022-07-12 16:36:41 - INFO - 数值:0.550084, 指标:calculate_F1
2022-07-12 16:36:41 - INFO - 数值:0.701854, 指标:roc_auc
2022-07-12 16:36:41 - INFO - 数值:0.167496, 指标:brier_score
2022-07-12 16:36:41 - INFO - 数值:0.832504, 指标:calculate_accuracy
2022-07-12 16:36:41 - INFO - SGD:总运行时间11.559693秒,数据读取时间9.813354秒,训练时间1.746339秒
2022-07-13 15:11:04 - INFO - train_video_ml 单帧pose训练开始--------------------------------
2022-07-13 15:11:04 - INFO - 开始训练SGD分类器:训练集数据规模(54870,410),54870
2022-07-13 15:11:18 - INFO - 训练集正确率:86.734%,测试集正确率:83.064%
2022-07-13 15:11:18 - INFO - 数值:3992.000000, 指标:calculate_TP
2022-07-13 15:11:18 - INFO - 数值:27727.000000, 指标:calculate_TN
2022-07-13 15:11:18 - INFO - 数值:2149.000000, 指标:calculate_FP
2022-07-13 15:11:18 - INFO - 数值:4318.000000, 指标:calculate_FN
2022-07-13 15:11:18 - INFO - 数值:0.650057, 指标:calculate_precision
2022-07-13 15:11:18 - INFO - 数值:0.480385, 指标:calculate_recall
2022-07-13 15:11:18 - INFO - 数值:0.552488, 指标:calculate_F1
2022-07-13 15:11:18 - INFO - 数值:0.704227, 指标:roc_auc
2022-07-13 15:11:18 - INFO - 数值:0.169355, 指标:brier_score
2022-07-13 15:11:19 - INFO - 数值:0.830645, 指标:calculate_accuracy
2022-07-13 15:11:19 - INFO - SGD:总运行时间20.975399秒,数据读取时间6.656897秒,训练时间14.318501秒
2022-07-13 15:33:20 - INFO - train_video_ml 单帧pose训练开始--------------------------------
2022-07-13 15:33:20 - INFO - 开始训练SGD分类器:训练集数据规模(54870,230),54870
2022-07-13 15:33:23 - INFO - 训练集正确率:86.705%,测试集正确率:82.588%
2022-07-13 15:33:23 - INFO - 数值:3320.000000, 指标:calculate_TP
2022-07-13 15:33:23 - INFO - 数值:28217.000000, 指标:calculate_TN
2022-07-13 15:33:23 - INFO - 数值:1659.000000, 指标:calculate_FP
2022-07-13 15:33:23 - INFO - 数值:4990.000000, 指标:calculate_FN
2022-07-13 15:33:23 - INFO - 数值:0.666801, 指标:calculate_precision
2022-07-13 15:33:23 - INFO - 数值:0.399519, 指标:calculate_recall
2022-07-13 15:33:23 - INFO - 数值:0.499661, 指标:calculate_F1
2022-07-13 15:33:23 - INFO - 数值:0.671995, 指标:roc_auc
2022-07-13 15:33:23 - INFO - 数值:0.174121, 指标:brier_score
2022-07-13 15:33:24 - INFO - 数值:0.825879, 指标:calculate_accuracy
2022-07-13 15:33:24 - INFO - SGD:总运行时间10.513978秒,数据读取时间6.609403秒,训练时间3.904575秒
2022-07-13 15:52:47 - INFO - train_video_ml 单帧pose训练开始--------------------------------
2022-07-13 15:52:47 - INFO - 开始训练SGD分类器:训练集数据规模(54870,230),54870
2022-07-13 15:52:51 - INFO - 训练集正确率:86.111%,测试集正确率:82.179%
2022-07-13 15:52:51 - INFO - 数值:4013.000000, 指标:calculate_TP
2022-07-13 15:52:51 - INFO - 数值:27368.000000, 指标:calculate_TN
2022-07-13 15:52:51 - INFO - 数值:2508.000000, 指标:calculate_FP
2022-07-13 15:52:51 - INFO - 数值:4297.000000, 指标:calculate_FN
2022-07-13 15:52:51 - INFO - 数值:0.615396, 指标:calculate_precision
2022-07-13 15:52:51 - INFO - 数值:0.482912, 指标:calculate_recall
2022-07-13 15:52:51 - INFO - 数值:0.541164, 指标:calculate_F1
2022-07-13 15:52:51 - INFO - 数值:0.699483, 指标:roc_auc
2022-07-13 15:52:52 - INFO - 数值:0.178207, 指标:brier_score
2022-07-13 15:52:52 - INFO - 数值:0.821793, 指标:calculate_accuracy
2022-07-13 15:52:52 - INFO - SGD:总运行时间10.803190秒,数据读取时间6.204495秒,训练时间4.598695秒
2022-07-13 16:10:01 - INFO - train_video_ml 单帧pose训练开始--------------------------------
2022-07-13 16:10:01 - INFO - 开始训练SGD分类器:训练集数据规模(54870,250),54870
2022-07-13 16:10:06 - INFO - 训练集正确率:86.947%,测试集正确率:82.954%
2022-07-13 16:10:06 - INFO - 数值:3637.000000, 指标:calculate_TP
2022-07-13 16:10:06 - INFO - 数值:28040.000000, 指标:calculate_TN
2022-07-13 16:10:06 - INFO - 数值:1836.000000, 指标:calculate_FP
2022-07-13 16:10:06 - INFO - 数值:4673.000000, 指标:calculate_FN
2022-07-13 16:10:06 - INFO - 数值:0.664535, 指标:calculate_precision
2022-07-13 16:10:06 - INFO - 数值:0.437665, 指标:calculate_recall
2022-07-13 16:10:06 - INFO - 数值:0.527752, 指标:calculate_F1
2022-07-13 16:10:06 - INFO - 数值:0.688106, 指标:roc_auc
2022-07-13 16:10:06 - INFO - 数值:0.170455, 指标:brier_score
2022-07-13 16:10:06 - INFO - 数值:0.829545, 指标:calculate_accuracy
2022-07-13 16:10:06 - INFO - SGD:总运行时间11.815948秒,数据读取时间6.845777秒,训练时间4.970171秒
2022-07-13 16:10:48 - INFO - train_video_ml 单帧pose训练开始--------------------------------
2022-07-13 16:10:48 - INFO - 开始训练SGD分类器:训练集数据规模(54870,430),54870
2022-07-13 16:11:03 - INFO - 训练集正确率:86.561%,测试集正确率:82.826%
2022-07-13 16:11:03 - INFO - 数值:4354.000000, 指标:calculate_TP
2022-07-13 16:11:03 - INFO - 数值:27274.000000, 指标:calculate_TN
2022-07-13 16:11:03 - INFO - 数值:2602.000000, 指标:calculate_FP
2022-07-13 16:11:03 - INFO - 数值:3956.000000, 指标:calculate_FN
2022-07-13 16:11:03 - INFO - 数值:0.625934, 指标:calculate_precision
2022-07-13 16:11:03 - INFO - 数值:0.523947, 指标:calculate_recall
2022-07-13 16:11:03 - INFO - 数值:0.570418, 指标:calculate_F1
2022-07-13 16:11:03 - INFO - 数值:0.718427, 指标:roc_auc
2022-07-13 16:11:04 - INFO - 数值:0.171738, 指标:brier_score
2022-07-13 16:11:04 - INFO - 数值:0.828262, 指标:calculate_accuracy
2022-07-13 16:11:04 - INFO - SGD:总运行时间21.971937秒,数据读取时间6.336765秒,训练时间15.635173秒
2022-07-13 16:11:45 - INFO - train_video_ml 单帧pose训练开始--------------------------------
2022-07-13 16:11:45 - INFO - 开始训练Forest分类器:训练集数据规模(54870,250),54870
2022-07-13 16:11:55 - INFO - 数值:3793.000000, 指标:calculate_TP
2022-07-13 16:11:55 - INFO - 数值:28672.000000, 指标:calculate_TN
2022-07-13 16:11:55 - INFO - 数值:1204.000000, 指标:calculate_FP
2022-07-13 16:11:55 - INFO - 数值:4517.000000, 指标:calculate_FN
2022-07-13 16:11:55 - INFO - 数值:0.759055, 指标:calculate_precision
2022-07-13 16:11:56 - INFO - 数值:0.456438, 指标:calculate_recall
2022-07-13 16:11:56 - INFO - 数值:0.570076, 指标:calculate_F1
2022-07-13 16:11:56 - INFO - 数值:0.708069, 指标:roc_auc
2022-07-13 16:11:56 - INFO - 数值:0.149819, 指标:brier_score
2022-07-13 16:11:56 - INFO - 数值:0.850181, 指标:calculate_accuracy
2022-07-13 16:11:56 - INFO - Forest:总运行时间16.816033秒,数据读取时间6.221050秒,训练时间10.594983秒
2022-07-13 16:12:24 - INFO - train_video_ml 单帧pose训练开始--------------------------------
2022-07-13 16:12:24 - INFO - 开始训练LinearSVC分类器:训练集数据规模(54870,250),54870
2022-07-13 16:15:42 - INFO - 训练集正确率:87.184%,测试集正确率:83.143%
2022-07-13 16:15:42 - INFO - 数值:3457.000000, 指标:calculate_TP
2022-07-13 16:15:42 - INFO - 数值:28292.000000, 指标:calculate_TN
2022-07-13 16:15:42 - INFO - 数值:1584.000000, 指标:calculate_FP
2022-07-13 16:15:42 - INFO - 数值:4853.000000, 指标:calculate_FN
2022-07-13 16:15:42 - INFO - 数值:0.685777, 指标:calculate_precision
2022-07-13 16:15:42 - INFO - 数值:0.416005, 指标:calculate_recall
2022-07-13 16:15:42 - INFO - 数值:0.517864, 指标:calculate_F1
2022-07-13 16:15:42 - INFO - 数值:0.681493, 指标:roc_auc
2022-07-13 16:15:42 - INFO - 数值:0.168570, 指标:brier_score
2022-07-13 16:15:43 - INFO - 数值:0.831430, 指标:calculate_accuracy
2022-07-13 16:15:43 - INFO - LinearSVC:总运行时间204.772367秒,数据读取时间6.298217秒,训练时间198.474149秒
2022-07-13 16:19:35 - INFO - train_video_ml 单帧pose训练开始--------------------------------
2022-07-13 16:19:35 - INFO - 开始训练LogisticRegression分类器:训练集数据规模(54870,250),54870
2022-07-13 16:27:18 - INFO - 训练集正确率:87.549%,测试集正确率:83.463%
2022-07-13 16:27:19 - INFO - 数值:3996.000000, 指标:calculate_TP
2022-07-13 16:27:19 - INFO - 数值:27875.000000, 指标:calculate_TN
2022-07-13 16:27:19 - INFO - 数值:2001.000000, 指标:calculate_FP
2022-07-13 16:27:19 - INFO - 数值:4314.000000, 指标:calculate_FN
2022-07-13 16:27:19 - INFO - 数值:0.666333, 指标:calculate_precision
2022-07-13 16:27:19 - INFO - 数值:0.480866, 指标:calculate_recall
2022-07-13 16:27:19 - INFO - 数值:0.558608, 指标:calculate_F1
2022-07-13 16:27:19 - INFO - 数值:0.706945, 指标:roc_auc
2022-07-13 16:27:19 - INFO - 数值:0.165375, 指标:brier_score
2022-07-13 16:27:19 - INFO - 数值:0.834625, 指标:calculate_accuracy
2022-07-13 16:27:19 - INFO - LogisticRegression:总运行时间470.747470秒,数据读取时间6.222417秒,训练时间464.525053秒
2022-07-13 16:30:09 - INFO - train_video_ml 单帧pose训练开始--------------------------------
2022-07-13 16:30:09 - INFO - 开始训练GradientBooting分类器:训练集数据规模(54870,250),54870
2022-07-13 16:31:24 - INFO - 训练集正确率:87.346%,测试集正确率:81.548%
2022-07-13 16:31:24 - INFO - 数值:3121.000000, 指标:calculate_TP
2022-07-13 16:31:24 - INFO - 数值:28019.000000, 指标:calculate_TN
2022-07-13 16:31:24 - INFO - 数值:1857.000000, 指标:calculate_FP
2022-07-13 16:31:24 - INFO - 数值:5189.000000, 指标:calculate_FN
2022-07-13 16:31:25 - INFO - 数值:0.626959, 指标:calculate_precision
2022-07-13 16:31:25 - INFO - 数值:0.375572, 指标:calculate_recall
2022-07-13 16:31:25 - INFO - 数值:0.469747, 指标:calculate_F1
2022-07-13 16:31:25 - INFO - 数值:0.656707, 指标:roc_auc
2022-07-13 16:31:25 - INFO - 数值:0.184518, 指标:brier_score
2022-07-13 16:31:25 - INFO - 数值:0.815482, 指标:calculate_accuracy
2022-07-13 16:31:25 - INFO - GradientBooting:总运行时间82.027452秒,数据读取时间6.203966秒,训练时间75.823485秒
2022-07-13 16:31:41 - INFO - train_video_ml 单帧pose训练开始--------------------------------
2022-07-13 16:31:41 - INFO - 开始训练LogisticRegression分类器:训练集数据规模(54870,250),54870
2022-07-13 16:40:28 - INFO - 训练集正确率:87.560%,测试集正确率:83.460%
2022-07-13 16:40:28 - INFO - 数值:4017.000000, 指标:calculate_TP
2022-07-13 16:40:28 - INFO - 数值:27853.000000, 指标:calculate_TN
2022-07-13 16:40:28 - INFO - 数值:2023.000000, 指标:calculate_FP
2022-07-13 16:40:28 - INFO - 数值:4293.000000, 指标:calculate_FN
2022-07-13 16:40:28 - INFO - 数值:0.665066, 指标:calculate_precision
2022-07-13 16:40:28 - INFO - 数值:0.483394, 指标:calculate_recall
2022-07-13 16:40:29 - INFO - 数值:0.559861, 指标:calculate_F1
2022-07-13 16:40:29 - INFO - 数值:0.707840, 指标:roc_auc
2022-07-13 16:40:29 - INFO - 数值:0.165401, 指标:brier_score
2022-07-13 16:40:29 - INFO - 数值:0.834599, 指标:calculate_accuracy
2022-07-13 16:40:29 - INFO - LogisticRegression:总运行时间534.007277秒,数据读取时间6.316674秒,训练时间527.690603秒
2022-07-13 16:44:45 - INFO - train_video_ml 单帧pose训练开始--------------------------------
2022-07-13 16:44:45 - INFO - 开始训练LogisticRegression分类器:训练集数据规模(54870,250),54870
2022-07-13 16:50:13 - INFO - train_video_ml 单帧pose训练开始--------------------------------
2022-07-13 16:50:13 - INFO - 开始训练SGD分类器:训练集数据规模(54870,250),54870
2022-07-13 16:50:16 - INFO - 训练集正确率:86.171%,测试集正确率:82.077%
2022-07-13 16:50:16 - INFO - 数值:3363.000000, 指标:calculate_TP
2022-07-13 16:50:16 - INFO - 数值:27979.000000, 指标:calculate_TN
2022-07-13 16:50:16 - INFO - 数值:1897.000000, 指标:calculate_FP
2022-07-13 16:50:16 - INFO - 数值:4947.000000, 指标:calculate_FN
2022-07-13 16:50:17 - INFO - 数值:0.639354, 指标:calculate_precision
2022-07-13 16:50:17 - INFO - 数值:0.404693, 指标:calculate_recall
2022-07-13 16:50:17 - INFO - 数值:0.495652, 指标:calculate_F1
2022-07-13 16:50:17 - INFO - 数值:0.670599, 指标:roc_auc
2022-07-13 16:50:17 - INFO - 数值:0.179228, 指标:brier_score
2022-07-13 16:50:17 - INFO - 数值:0.820772, 指标:calculate_accuracy
2022-07-13 16:50:17 - INFO - SGD:总运行时间10.244694秒,数据读取时间6.159590秒,训练时间4.085104秒
2022-07-13 16:50:43 - INFO - train_video_ml 单帧pose训练开始--------------------------------
2022-07-13 16:50:43 - INFO - 开始训练SGD分类器:训练集数据规模(54870,250),54870
2022-07-13 16:50:47 - INFO - 训练集正确率:86.905%,测试集正确率:82.936%
2022-07-13 16:50:47 - INFO - 数值:4103.000000, 指标:calculate_TP
2022-07-13 16:50:47 - INFO - 数值:27567.000000, 指标:calculate_TN
2022-07-13 16:50:47 - INFO - 数值:2309.000000, 指标:calculate_FP
2022-07-13 16:50:47 - INFO - 数值:4207.000000, 指标:calculate_FN
2022-07-13 16:50:47 - INFO - 数值:0.639894, 指标:calculate_precision
2022-07-13 16:50:47 - INFO - 数值:0.493742, 指标:calculate_recall
2022-07-13 16:50:47 - INFO - 数值:0.557397, 指标:calculate_F1
2022-07-13 16:50:47 - INFO - 数值:0.708228, 指标:roc_auc
2022-07-13 16:50:48 - INFO - 数值:0.170638, 指标:brier_score
2022-07-13 16:50:48 - INFO - 数值:0.829362, 指标:calculate_accuracy
2022-07-13 16:50:48 - INFO - SGD:总运行时间10.465278秒,数据读取时间6.178192秒,训练时间4.287086秒
2022-07-13 16:51:02 - INFO - train_video_ml 单帧pose训练开始--------------------------------
2022-07-13 16:51:02 - INFO - 开始训练SGD分类器:训练集数据规模(54870,250),54870
2022-07-13 16:51:08 - INFO - 训练集正确率:86.809%,测试集正确率:82.441%
2022-07-13 16:51:08 - INFO - 数值:3141.000000, 指标:calculate_TP
2022-07-13 16:51:08 - INFO - 数值:28340.000000, 指标:calculate_TN
2022-07-13 16:51:08 - INFO - 数值:1536.000000, 指标:calculate_FP
2022-07-13 16:51:08 - INFO - 数值:5169.000000, 指标:calculate_FN
2022-07-13 16:51:08 - INFO - 数值:0.671584, 指标:calculate_precision
2022-07-13 16:51:08 - INFO - 数值:0.377978, 指标:calculate_recall
2022-07-13 16:51:08 - INFO - 数值:0.483714, 指标:calculate_F1
2022-07-13 16:51:08 - INFO - 数值:0.663283, 指标:roc_auc
2022-07-13 16:51:09 - INFO - 数值:0.175588, 指标:brier_score
2022-07-13 16:51:09 - INFO - 数值:0.824412, 指标:calculate_accuracy
2022-07-13 16:51:09 - INFO - SGD:总运行时间13.112055秒,数据读取时间6.210452秒,训练时间6.901603秒
2022-07-13 17:18:45 - INFO - train_video_ml 单帧pose训练开始--------------------------------
2022-07-13 17:18:45 - INFO - 开始训练Forest分类器:训练集数据规模(54870,250),54870
2022-07-13 17:18:55 - INFO - 数值:3793.000000, 指标:calculate_TP
2022-07-13 17:18:55 - INFO - 数值:28672.000000, 指标:calculate_TN
2022-07-13 17:18:55 - INFO - 数值:1204.000000, 指标:calculate_FP
2022-07-13 17:18:56 - INFO - 数值:4517.000000, 指标:calculate_FN
2022-07-13 17:18:56 - INFO - 数值:0.759055, 指标:calculate_precision
2022-07-13 17:18:56 - INFO - 数值:0.456438, 指标:calculate_recall
2022-07-13 17:18:56 - INFO - 数值:0.570076, 指标:calculate_F1
2022-07-13 17:18:56 - INFO - 数值:0.708069, 指标:roc_auc
2022-07-13 17:18:56 - INFO - 数值:0.149819, 指标:brier_score
2022-07-13 17:18:56 - INFO - 数值:0.850181, 指标:calculate_accuracy
2022-07-13 17:18:56 - INFO - Forest:总运行时间17.208235秒,数据读取时间6.469015秒,训练时间10.739219秒
2022-07-13 17:19:21 - INFO - train_video_ml 单帧pose训练开始--------------------------------
2022-07-13 17:19:21 - INFO - 开始训练Forest分类器:训练集数据规模(54870,250),54870
2022-07-13 17:19:36 - INFO - 数值:3800.000000, 指标:calculate_TP
2022-07-13 17:19:36 - INFO - 数值:28658.000000, 指标:calculate_TN
2022-07-13 17:19:36 - INFO - 数值:1218.000000, 指标:calculate_FP
2022-07-13 17:19:36 - INFO - 数值:4510.000000, 指标:calculate_FN
2022-07-13 17:19:36 - INFO - 数值:0.757274, 指标:calculate_precision
2022-07-13 17:19:36 - INFO - 数值:0.457280, 指标:calculate_recall
2022-07-13 17:19:36 - INFO - 数值:0.570228, 指标:calculate_F1
2022-07-13 17:19:36 - INFO - 数值:0.708256, 指标:roc_auc
2022-07-13 17:19:37 - INFO - 数值:0.150003, 指标:brier_score
2022-07-13 17:19:37 - INFO - 数值:0.849997, 指标:calculate_accuracy
2022-07-13 17:19:37 - INFO - Forest:总运行时间22.347519秒,数据读取时间6.174542秒,训练时间16.172977秒
2022-07-13 17:20:02 - INFO - train_video_ml 单帧pose训练开始--------------------------------
2022-07-13 17:20:02 - INFO - 开始训练Forest分类器:训练集数据规模(54870,250),54870
2022-07-13 17:20:10 - INFO - 数值:3832.000000, 指标:calculate_TP
2022-07-13 17:20:10 - INFO - 数值:28603.000000, 指标:calculate_TN
2022-07-13 17:20:10 - INFO - 数值:1273.000000, 指标:calculate_FP
2022-07-13 17:20:10 - INFO - 数值:4478.000000, 指标:calculate_FN
2022-07-13 17:20:10 - INFO - 数值:0.750637, 指标:calculate_precision
2022-07-13 17:20:10 - INFO - 数值:0.461131, 指标:calculate_recall
2022-07-13 17:20:10 - INFO - 数值:0.571301, 指标:calculate_F1
2022-07-13 17:20:10 - INFO - 数值:0.709261, 指标:roc_auc
2022-07-13 17:20:11 - INFO - 数值:0.150605, 指标:brier_score
2022-07-13 17:20:11 - INFO - 数值:0.849395, 指标:calculate_accuracy
2022-07-13 17:20:11 - INFO - Forest:总运行时间14.903510秒,数据读取时间6.243864秒,训练时间8.659646秒
2022-07-13 17:20:28 - INFO - train_video_ml 单帧pose训练开始--------------------------------
2022-07-13 17:20:28 - INFO - 开始训练Forest分类器:训练集数据规模(54870,250),54870
2022-07-13 17:20:37 - INFO - 数值:4265.000000, 指标:calculate_TP
2022-07-13 17:20:37 - INFO - 数值:28529.000000, 指标:calculate_TN
2022-07-13 17:20:37 - INFO - 数值:1347.000000, 指标:calculate_FP
2022-07-13 17:20:37 - INFO - 数值:4045.000000, 指标:calculate_FN
2022-07-13 17:20:37 - INFO - 数值:0.759979, 指标:calculate_precision
2022-07-13 17:20:37 - INFO - 数值:0.513237, 指标:calculate_recall
2022-07-13 17:20:37 - INFO - 数值:0.612699, 指标:calculate_F1
2022-07-13 17:20:37 - INFO - 数值:0.734075, 指标:roc_auc
2022-07-13 17:20:37 - INFO - 数值:0.141204, 指标:brier_score
2022-07-13 17:20:37 - INFO - 数值:0.858796, 指标:calculate_accuracy
2022-07-13 17:20:37 - INFO - Forest:总运行时间15.328442秒,数据读取时间6.248333秒,训练时间9.080109秒
2022-07-13 17:20:49 - INFO - train_video_ml 单帧pose训练开始--------------------------------
2022-07-13 17:20:49 - INFO - 开始训练Forest分类器:训练集数据规模(54870,250),54870
2022-07-13 17:20:57 - INFO - 数值:4766.000000, 指标:calculate_TP
2022-07-13 17:20:57 - INFO - 数值:28644.000000, 指标:calculate_TN
2022-07-13 17:20:57 - INFO - 数值:1232.000000, 指标:calculate_FP
2022-07-13 17:20:57 - INFO - 数值:3544.000000, 指标:calculate_FN
2022-07-13 17:20:57 - INFO - 数值:0.794598, 指标:calculate_precision
2022-07-13 17:20:57 - INFO - 数值:0.573526, 指标:calculate_recall
2022-07-13 17:20:57 - INFO - 数值:0.666201, 指标:calculate_F1
2022-07-13 17:20:57 - INFO - 数值:0.766144, 指标:roc_auc
2022-07-13 17:20:57 - INFO - 数值:0.125072, 指标:brier_score
2022-07-13 17:20:57 - INFO - 数值:0.874928, 指标:calculate_accuracy
2022-07-13 17:20:57 - INFO - Forest:总运行时间14.433480秒,数据读取时间6.217430秒,训练时间8.216049秒
2022-07-13 17:21:11 - INFO - train_video_ml 单帧pose训练开始--------------------------------
2022-07-13 17:21:11 - INFO - 开始训练Forest分类器:训练集数据规模(54870,250),54870
2022-07-13 17:21:25 - INFO - 数值:5329.000000, 指标:calculate_TP
2022-07-13 17:21:25 - INFO - 数值:28625.000000, 指标:calculate_TN
2022-07-13 17:21:25 - INFO - 数值:1251.000000, 指标:calculate_FP
2022-07-13 17:21:25 - INFO - 数值:2981.000000, 指标:calculate_FN
2022-07-13 17:21:25 - INFO - 数值:0.809878, 指标:calculate_precision
2022-07-13 17:21:25 - INFO - 数值:0.641276, 指标:calculate_recall
2022-07-13 17:21:25 - INFO - 数值:0.715782, 指标:calculate_F1
2022-07-13 17:21:25 - INFO - 数值:0.799701, 指标:roc_auc
2022-07-13 17:21:25 - INFO - 数值:0.110826, 指标:brier_score
2022-07-13 17:21:25 - INFO - 数值:0.889174, 指标:calculate_accuracy
2022-07-13 17:21:25 - INFO - Forest:总运行时间20.910265秒,数据读取时间6.257352秒,训练时间14.652913秒
2022-07-13 17:21:38 - INFO - train_video_ml 单帧pose训练开始--------------------------------
2022-07-13 17:21:38 - INFO - 开始训练Forest分类器:训练集数据规模(54870,250),54870
2022-07-13 17:21:49 - INFO - 数值:5526.000000, 指标:calculate_TP
2022-07-13 17:21:49 - INFO - 数值:28486.000000, 指标:calculate_TN
2022-07-13 17:21:49 - INFO - 数值:1390.000000, 指标:calculate_FP
2022-07-13 17:21:49 - INFO - 数值:2784.000000, 指标:calculate_FN
2022-07-13 17:21:50 - INFO - 数值:0.799017, 指标:calculate_precision
2022-07-13 17:21:50 - INFO - 数值:0.664982, 指标:calculate_recall
2022-07-13 17:21:50 - INFO - 数值:0.725864, 指标:calculate_F1
2022-07-13 17:21:50 - INFO - 数值:0.809228, 指标:roc_auc
2022-07-13 17:21:50 - INFO - 数值:0.109307, 指标:brier_score
2022-07-13 17:21:50 - INFO - 数值:0.890693, 指标:calculate_accuracy
2022-07-13 17:21:50 - INFO - Forest:总运行时间17.710516秒,数据读取时间6.219427秒,训练时间11.491089秒
2022-07-13 17:22:02 - INFO - train_video_ml 单帧pose训练开始--------------------------------
2022-07-13 17:22:02 - INFO - 开始训练Forest分类器:训练集数据规模(54870,250),54870
2022-07-13 17:22:24 - INFO - train_video_ml 单帧pose训练开始--------------------------------
2022-07-13 17:22:24 - INFO - 开始训练Forest分类器:训练集数据规模(54870,250),54870
2022-07-13 17:22:38 - INFO - 数值:5526.000000, 指标:calculate_TP
2022-07-13 17:22:38 - INFO - 数值:28485.000000, 指标:calculate_TN
2022-07-13 17:22:38 - INFO - 数值:1391.000000, 指标:calculate_FP
2022-07-13 17:22:38 - INFO - 数值:2784.000000, 指标:calculate_FN
2022-07-13 17:22:38 - INFO - 数值:0.798901, 指标:calculate_precision
2022-07-13 17:22:38 - INFO - 数值:0.664982, 指标:calculate_recall
2022-07-13 17:22:38 - INFO - 数值:0.725816, 指标:calculate_F1
2022-07-13 17:22:38 - INFO - 数值:0.809211, 指标:roc_auc
2022-07-13 17:22:38 - INFO - 数值:0.109333, 指标:brier_score
2022-07-13 17:22:38 - INFO - 数值:0.890667, 指标:calculate_accuracy
2022-07-13 17:22:38 - INFO - Forest:总运行时间20.833408秒,数据读取时间6.393996秒,训练时间14.439411秒
2022-07-13 17:23:28 - INFO - train_video_ml 单帧pose训练开始--------------------------------
2022-07-13 17:23:28 - INFO - 开始训练Forest分类器:训练集数据规模(54870,250),54870
2022-07-13 17:28:06 - INFO - train_video_ml 单帧pose训练开始--------------------------------
2022-07-13 17:28:06 - INFO - 开始训练Forest分类器:训练集数据规模(54870,250),54870
2022-07-13 17:28:51 - INFO - 数值:5356.000000, 指标:calculate_TP
2022-07-13 17:28:51 - INFO - 数值:28769.000000, 指标:calculate_TN
2022-07-13 17:28:51 - INFO - 数值:1107.000000, 指标:calculate_FP
2022-07-13 17:28:51 - INFO - 数值:2954.000000, 指标:calculate_FN
2022-07-13 17:28:52 - INFO - 数值:0.828717, 指标:calculate_precision
2022-07-13 17:28:52 - INFO - 数值:0.644525, 指标:calculate_recall
2022-07-13 17:28:52 - INFO - 数值:0.725107, 指标:calculate_F1
2022-07-13 17:28:52 - INFO - 数值:0.803736, 指标:roc_auc
2022-07-13 17:28:52 - INFO - 数值:0.106348, 指标:brier_score
2022-07-13 17:28:52 - INFO - 数值:0.893652, 指标:calculate_accuracy
2022-07-13 17:28:52 - INFO - Forest:总运行时间52.380123秒,数据读取时间6.283731秒,训练时间46.096392秒
2022-07-13 17:36:25 - INFO - train_video_ml 单帧pose训练开始--------------------------------
2022-07-13 17:36:25 - INFO - 开始训练Forest分类器:训练集数据规模(54870,250),54870
2022-07-13 17:37:12 - INFO - 数值:5432.000000, 指标:calculate_TP
2022-07-13 17:37:12 - INFO - 数值:28696.000000, 指标:calculate_TN
2022-07-13 17:37:12 - INFO - 数值:1180.000000, 指标:calculate_FP
2022-07-13 17:37:12 - INFO - 数值:2878.000000, 指标:calculate_FN
2022-07-13 17:37:12 - INFO - 数值:0.821537, 指标:calculate_precision
2022-07-13 17:37:12 - INFO - 数值:0.653670, 指标:calculate_recall
2022-07-13 17:37:12 - INFO - 数值:0.728053, 指标:calculate_F1
2022-07-13 17:37:12 - INFO - 数值:0.807087, 指标:roc_auc
2022-07-13 17:37:12 - INFO - 数值:0.106269, 指标:brier_score
2022-07-13 17:37:12 - INFO - 数值:0.893731, 指标:calculate_accuracy
2022-07-13 17:37:12 - INFO - Forest:总运行时间53.635587秒,数据读取时间6.423097秒,训练时间47.212490秒
2022-07-13 17:37:41 - INFO - train_video_ml 单帧pose训练开始--------------------------------
2022-07-13 17:37:41 - INFO - 开始训练Forest分类器:训练集数据规模(54870,250),54870
2022-07-13 17:38:28 - INFO - 数值:5357.000000, 指标:calculate_TP
2022-07-13 17:38:29 - INFO - 数值:28762.000000, 指标:calculate_TN
2022-07-13 17:38:29 - INFO - 数值:1114.000000, 指标:calculate_FP
2022-07-13 17:38:29 - INFO - 数值:2953.000000, 指标:calculate_FN
2022-07-13 17:38:29 - INFO - 数值:0.827847, 指标:calculate_precision
2022-07-13 17:38:29 - INFO - 数值:0.644645, 指标:calculate_recall
2022-07-13 17:38:29 - INFO - 数值:0.724849, 指标:calculate_F1
2022-07-13 17:38:29 - INFO - 数值:0.803679, 指标:roc_auc
2022-07-13 17:38:29 - INFO - 数值:0.106505, 指标:brier_score
2022-07-13 17:38:29 - INFO - 数值:0.893495, 指标:calculate_accuracy
2022-07-13 17:38:29 - INFO - Forest:总运行时间54.572577秒,数据读取时间6.216563秒,训练时间48.356014秒
2022-07-13 17:40:58 - INFO - train_video_ml 单帧pose训练开始--------------------------------
2022-07-13 17:40:58 - INFO - 开始训练Forest分类器:训练集数据规模(54870,250),54870
2022-07-13 17:41:41 - INFO - 数值:5407.000000, 指标:calculate_TP
2022-07-13 17:41:41 - INFO - 数值:28717.000000, 指标:calculate_TN
2022-07-13 17:41:41 - INFO - 数值:1159.000000, 指标:calculate_FP
2022-07-13 17:41:41 - INFO - 数值:2903.000000, 指标:calculate_FN
2022-07-13 17:41:41 - INFO - 数值:0.823485, 指标:calculate_precision
2022-07-13 17:41:41 - INFO - 数值:0.650662, 指标:calculate_recall
2022-07-13 17:41:41 - INFO - 数值:0.726943, 指标:calculate_F1
2022-07-13 17:41:41 - INFO - 数值:0.805934, 指标:roc_auc
2022-07-13 17:41:41 - INFO - 数值:0.106374, 指标:brier_score
2022-07-13 17:41:41 - INFO - 数值:0.893626, 指标:calculate_accuracy
2022-07-13 17:41:41 - INFO - Forest:总运行时间49.664145秒,数据读取时间6.674239秒,训练时间42.989907秒
2022-07-13 17:42:21 - INFO - train_video_ml 单帧pose训练开始--------------------------------
2022-07-13 17:42:21 - INFO - 开始训练Forest分类器:训练集数据规模(54870,250),54870
2022-07-13 17:42:54 - INFO - 数值:5407.000000, 指标:calculate_TP
2022-07-13 17:42:54 - INFO - 数值:28689.000000, 指标:calculate_TN
2022-07-13 17:42:54 - INFO - 数值:1187.000000, 指标:calculate_FP
2022-07-13 17:42:54 - INFO - 数值:2903.000000, 指标:calculate_FN
2022-07-13 17:42:55 - INFO - 数值:0.819988, 指标:calculate_precision
2022-07-13 17:42:55 - INFO - 数值:0.650662, 指标:calculate_recall
2022-07-13 17:42:55 - INFO - 数值:0.725577, 指标:calculate_F1
2022-07-13 17:42:55 - INFO - 数值:0.805465, 指标:roc_auc
2022-07-13 17:42:55 - INFO - 数值:0.107107, 指标:brier_score
2022-07-13 17:42:55 - INFO - 数值:0.892893, 指标:calculate_accuracy
2022-07-13 17:42:55 - INFO - Forest:总运行时间39.979438秒,数据读取时间6.334651秒,训练时间33.644787秒
2022-07-13 17:46:24 - INFO - train_video_ml 单帧pose训练开始--------------------------------
2022-07-13 17:46:24 - INFO - 开始训练Forest分类器:训练集数据规模(54870,250),54870
2022-07-13 17:46:40 - INFO - 数值:5437.000000, 指标:calculate_TP
2022-07-13 17:46:40 - INFO - 数值:28606.000000, 指标:calculate_TN
2022-07-13 17:46:40 - INFO - 数值:1270.000000, 指标:calculate_FP
2022-07-13 17:46:40 - INFO - 数值:2873.000000, 指标:calculate_FN
2022-07-13 17:46:40 - INFO - 数值:0.810646, 指标:calculate_precision
2022-07-13 17:46:40 - INFO - 数值:0.654272, 指标:calculate_recall
2022-07-13 17:46:40 - INFO - 数值:0.724113, 指标:calculate_F1
2022-07-13 17:46:40 - INFO - 数值:0.805881, 指标:roc_auc
2022-07-13 17:46:41 - INFO - 数值:0.108495, 指标:brier_score
2022-07-13 17:46:41 - INFO - 数值:0.891505, 指标:calculate_accuracy
2022-07-13 17:46:41 - INFO - Forest:总运行时间23.190670秒,数据读取时间6.246901秒,训练时间16.943769秒
2022-07-13 17:47:00 - INFO - train_video_ml 单帧pose训练开始--------------------------------
2022-07-13 17:47:00 - INFO - 开始训练Forest分类器:训练集数据规模(54870,250),54870
2022-07-13 17:48:46 - INFO - 数值:5367.000000, 指标:calculate_TP
2022-07-13 17:48:46 - INFO - 数值:28771.000000, 指标:calculate_TN
2022-07-13 17:48:46 - INFO - 数值:1105.000000, 指标:calculate_FP
2022-07-13 17:48:46 - INFO - 数值:2943.000000, 指标:calculate_FN
2022-07-13 17:48:47 - INFO - 数值:0.829265, 指标:calculate_precision
2022-07-13 17:48:47 - INFO - 数值:0.645848, 指标:calculate_recall
2022-07-13 17:48:47 - INFO - 数值:0.726153, 指标:calculate_F1
2022-07-13 17:48:47 - INFO - 数值:0.804431, 指标:roc_auc
2022-07-13 17:48:47 - INFO - 数值:0.106007, 指标:brier_score
2022-07-13 17:48:47 - INFO - 数值:0.893993, 指标:calculate_accuracy
2022-07-13 17:48:47 - INFO - Forest:总运行时间113.978374秒,数据读取时间6.263312秒,训练时间107.715061秒
2022-07-13 17:49:26 - INFO - train_image_ml 单帧pose训练开始--------------------------------
2022-07-13 17:49:26 - INFO - 开始训练Forest分类器:训练集数据规模(54870,96),54870
2022-07-13 17:50:54 - INFO - 数值:6027.000000, 指标:calculate_TP
2022-07-13 17:50:54 - INFO - 数值:29109.000000, 指标:calculate_TN
2022-07-13 17:50:54 - INFO - 数值:767.000000, 指标:calculate_FP
2022-07-13 17:50:54 - INFO - 数值:2283.000000, 指标:calculate_FN
2022-07-13 17:50:54 - INFO - 数值:0.887106, 指标:calculate_precision
2022-07-13 17:50:54 - INFO - 数值:0.725271, 指标:calculate_recall
2022-07-13 17:50:54 - INFO - 数值:0.798067, 指标:calculate_F1
2022-07-13 17:50:54 - INFO - 数值:0.849799, 指标:roc_auc
2022-07-13 17:50:55 - INFO - 数值:0.079872, 指标:brier_score
2022-07-13 17:50:55 - INFO - 数值:0.920128, 指标:calculate_accuracy
2022-07-13 17:50:55 - INFO - Forest:总运行时间94.905272秒,数据读取时间5.551214秒,训练时间89.354057秒
2022-07-13 17:52:27 - INFO - train_video_ml 单帧pose训练开始--------------------------------
2022-07-13 17:52:27 - INFO - 开始训练Forest分类器:训练集数据规模(54870,250),54870
2022-07-13 17:53:25 - INFO - 数值:5369.000000, 指标:calculate_TP
2022-07-13 17:53:25 - INFO - 数值:28749.000000, 指标:calculate_TN
2022-07-13 17:53:25 - INFO - 数值:1127.000000, 指标:calculate_FP
2022-07-13 17:53:25 - INFO - 数值:2941.000000, 指标:calculate_FN
2022-07-13 17:53:25 - INFO - 数值:0.826509, 指标:calculate_precision
2022-07-13 17:53:25 - INFO - 数值:0.646089, 指标:calculate_recall
2022-07-13 17:53:25 - INFO - 数值:0.725247, 指标:calculate_F1
2022-07-13 17:53:25 - INFO - 数值:0.804183, 指标:roc_auc
2022-07-13 17:53:25 - INFO - 数值:0.106531, 指标:brier_score
2022-07-13 17:53:25 - INFO - 数值:0.893469, 指标:calculate_accuracy
2022-07-13 17:53:25 - INFO - Forest:总运行时间65.162622秒,数据读取时间6.457328秒,训练时间58.705295秒
2022-07-14 14:54:21 - INFO - train_image_ml 单帧pose训练开始--------------------------------
2022-07-14 14:54:21 - INFO - 开始训练Forest分类器:训练集数据规模(54870,96),54870
2022-07-14 14:55:53 - INFO - 数值:6027.000000, 指标:calculate_TP
2022-07-14 14:55:53 - INFO - 数值:29109.000000, 指标:calculate_TN
2022-07-14 14:55:53 - INFO - 数值:767.000000, 指标:calculate_FP
2022-07-14 14:55:53 - INFO - 数值:2283.000000, 指标:calculate_FN
2022-07-14 14:55:53 - INFO - 数值:0.887106, 指标:calculate_precision
2022-07-14 14:55:53 - INFO - 数值:0.725271, 指标:calculate_recall
2022-07-14 14:55:53 - INFO - 数值:0.798067, 指标:calculate_F1
2022-07-14 14:55:53 - INFO - 数值:0.849799, 指标:roc_auc
2022-07-14 14:55:53 - INFO - 数值:0.079872, 指标:brier_score
2022-07-14 14:55:53 - INFO - 数值:0.920128, 指标:calculate_accuracy
2022-07-14 14:55:54 - INFO - Forest:总运行时间102.598723秒,数据读取时间9.550910秒,训练时间93.047813秒
2022-07-18 10:35:05 - INFO - train_video_ml 多帧pose训练开始--------------------------------
2022-07-18 10:35:05 - INFO - 开始训练Forest分类器:训练集数据规模(54870,250),54870
2022-07-18 10:36:02 - INFO - 数值:5369.000000, 指标:calculate_TP
2022-07-18 10:36:02 - INFO - 数值:28749.000000, 指标:calculate_TN
2022-07-18 10:36:02 - INFO - 数值:1127.000000, 指标:calculate_FP
2022-07-18 10:36:02 - INFO - 数值:2941.000000, 指标:calculate_FN
2022-07-18 10:36:02 - INFO - 数值:0.826509, 指标:calculate_precision
2022-07-18 10:36:02 - INFO - 数值:0.646089, 指标:calculate_recall
2022-07-18 10:36:02 - INFO - 数值:0.725247, 指标:calculate_F1
2022-07-18 10:36:02 - INFO - 数值:0.804183, 指标:roc_auc
2022-07-18 10:36:02 - INFO - 数值:0.106531, 指标:brier_score
2022-07-18 10:36:03 - INFO - 数值:0.893469, 指标:calculate_accuracy
2022-07-18 10:36:03 - INFO - Forest:总运行时间73.696913秒,数据读取时间15.531343秒,训练时间58.165570秒
2022-07-18 10:36:27 - INFO - train_image_ml 单帧pose训练开始--------------------------------
2022-07-18 10:36:27 - INFO - 开始训练Forest分类器:训练集数据规模(54870,96),54870
2022-07-18 10:37:56 - INFO - 数值:6027.000000, 指标:calculate_TP
2022-07-18 10:37:56 - INFO - 数值:29109.000000, 指标:calculate_TN
2022-07-18 10:37:56 - INFO - 数值:767.000000, 指标:calculate_FP
2022-07-18 10:37:56 - INFO - 数值:2283.000000, 指标:calculate_FN
2022-07-18 10:37:56 - INFO - 数值:0.887106, 指标:calculate_precision
2022-07-18 10:37:56 - INFO - 数值:0.725271, 指标:calculate_recall
2022-07-18 10:37:56 - INFO - 数值:0.798067, 指标:calculate_F1
2022-07-18 10:37:56 - INFO - 数值:0.849799, 指标:roc_auc
2022-07-18 10:37:56 - INFO - 数值:0.079872, 指标:brier_score
2022-07-18 10:37:56 - INFO - 数值:0.920128, 指标:calculate_accuracy
2022-07-18 10:37:57 - INFO - Forest:总运行时间96.700837秒,数据读取时间6.403396秒,训练时间90.297441秒
2022-07-18 10:43:35 - INFO - train_video_ml 多帧pose训练开始--------------------------------
2022-07-18 10:43:35 - INFO - 开始训练Forest分类器:训练集数据规模(54870,430),54870
2022-07-18 10:45:25 - INFO - 数值:5499.000000, 指标:calculate_TP
2022-07-18 10:45:25 - INFO - 数值:28816.000000, 指标:calculate_TN
2022-07-18 10:45:25 - INFO - 数值:1060.000000, 指标:calculate_FP
2022-07-18 10:45:25 - INFO - 数值:2811.000000, 指标:calculate_FN
2022-07-18 10:45:25 - INFO - 数值:0.838390, 指标:calculate_precision
2022-07-18 10:45:25 - INFO - 数值:0.661733, 指标:calculate_recall
2022-07-18 10:45:25 - INFO - 数值:0.739660, 指标:calculate_F1
2022-07-18 10:45:25 - INFO - 数值:0.813126, 指标:roc_auc
2022-07-18 10:45:25 - INFO - 数值:0.101372, 指标:brier_score
2022-07-18 10:45:26 - INFO - 数值:0.898628, 指标:calculate_accuracy
2022-07-18 10:45:26 - INFO - Forest:总运行时间118.235677秒,数据读取时间7.311148秒,训练时间110.924528秒
2022-07-18 10:47:02 - INFO - train_image_ml 单帧pose训练开始--------------------------------
2022-07-18 10:47:02 - INFO - 开始训练Forest分类器:训练集数据规模(54870,82),54870
2022-07-18 10:48:06 - INFO - 数值:5191.000000, 指标:calculate_TP
2022-07-18 10:48:06 - INFO - 数值:28998.000000, 指标:calculate_TN
2022-07-18 10:48:06 - INFO - 数值:878.000000, 指标:calculate_FP
2022-07-18 10:48:06 - INFO - 数值:3119.000000, 指标:calculate_FN
2022-07-18 10:48:06 - INFO - 数值:0.855330, 指标:calculate_precision
2022-07-18 10:48:06 - INFO - 数值:0.624669, 指标:calculate_recall
2022-07-18 10:48:06 - INFO - 数值:0.722025, 指标:calculate_F1
2022-07-18 10:48:06 - INFO - 数值:0.797640, 指标:roc_auc
2022-07-18 10:48:07 - INFO - 数值:0.104672, 指标:brier_score
2022-07-18 10:48:07 - INFO - 数值:0.895328, 指标:calculate_accuracy
2022-07-18 10:48:08 - INFO - Forest:总运行时间71.250060秒,数据读取时间6.006529秒,训练时间65.243531秒
2022-07-18 10:48:47 - INFO - train_image_ml 单帧pose训练开始--------------------------------
2022-07-18 10:48:47 - INFO - 开始训练Forest分类器:训练集数据规模(54870,96),54870
2022-07-18 10:50:18 - INFO - 数值:6027.000000, 指标:calculate_TP
2022-07-18 10:50:18 - INFO - 数值:29109.000000, 指标:calculate_TN
2022-07-18 10:50:18 - INFO - 数值:767.000000, 指标:calculate_FP
2022-07-18 10:50:18 - INFO - 数值:2283.000000, 指标:calculate_FN
2022-07-18 10:50:18 - INFO - 数值:0.887106, 指标:calculate_precision
2022-07-18 10:50:18 - INFO - 数值:0.725271, 指标:calculate_recall
2022-07-18 10:50:18 - INFO - 数值:0.798067, 指标:calculate_F1
2022-07-18 10:50:18 - INFO - 数值:0.849799, 指标:roc_auc
2022-07-18 10:50:18 - INFO - 数值:0.079872, 指标:brier_score
2022-07-18 10:50:18 - INFO - 数值:0.920128, 指标:calculate_accuracy
2022-07-18 10:50:19 - INFO - Forest:总运行时间98.545506秒,数据读取时间6.823804秒,训练时间91.721702秒
2022-07-18 10:52:38 - INFO - train_image_ml 单帧pose训练开始--------------------------------
2022-07-18 10:52:38 - INFO - 开始训练Forest分类器:训练集数据规模(54870,82),54870
2022-07-18 10:53:43 - INFO - 数值:6018.000000, 指标:calculate_TP
2022-07-18 10:53:43 - INFO - 数值:29045.000000, 指标:calculate_TN
2022-07-18 10:53:43 - INFO - 数值:831.000000, 指标:calculate_FP
2022-07-18 10:53:43 - INFO - 数值:2292.000000, 指标:calculate_FN
2022-07-18 10:53:43 - INFO - 数值:0.878668, 指标:calculate_precision
2022-07-18 10:53:43 - INFO - 数值:0.724188, 指标:calculate_recall
2022-07-18 10:53:43 - INFO - 数值:0.793984, 指标:calculate_F1
2022-07-18 10:53:43 - INFO - 数值:0.848186, 指标:roc_auc
2022-07-18 10:53:44 - INFO - 数值:0.081784, 指标:brier_score
2022-07-18 10:53:44 - INFO - 数值:0.918216, 指标:calculate_accuracy
2022-07-18 10:53:44 - INFO - Forest:总运行时间72.669653秒,数据读取时间6.524492秒,训练时间66.145162秒
2022-07-18 10:54:52 - INFO - train_image_ml 单帧pose训练开始--------------------------------
2022-07-18 10:54:52 - INFO - 开始训练Forest分类器:训练集数据规模(54870,96),54870
2022-07-18 10:56:23 - INFO - 数值:5899.000000, 指标:calculate_TP
2022-07-18 10:56:23 - INFO - 数值:29082.000000, 指标:calculate_TN
2022-07-18 10:56:23 - INFO - 数值:794.000000, 指标:calculate_FP
2022-07-18 10:56:23 - INFO - 数值:2411.000000, 指标:calculate_FN
2022-07-18 10:56:23 - INFO - 数值:0.881369, 指标:calculate_precision
2022-07-18 10:56:23 - INFO - 数值:0.709868, 指标:calculate_recall
2022-07-18 10:56:23 - INFO - 数值:0.786376, 指标:calculate_F1
2022-07-18 10:56:23 - INFO - 数值:0.841646, 指标:roc_auc
2022-07-18 10:56:23 - INFO - 数值:0.083931, 指标:brier_score
2022-07-18 10:56:23 - INFO - 数值:0.916069, 指标:calculate_accuracy
2022-07-18 10:56:24 - INFO - Forest:总运行时间98.085331秒,数据读取时间6.356362秒,训练时间91.728969秒
2022-07-18 11:13:37 - INFO - train_image_ml 单帧pose训练开始--------------------------------
2022-07-18 11:13:37 - INFO - 开始训练Forest分类器:训练集数据规模(54870,82),54870
2022-07-18 11:14:42 - INFO - 数值:5191.000000, 指标:calculate_TP
2022-07-18 11:14:42 - INFO - 数值:28998.000000, 指标:calculate_TN
2022-07-18 11:14:42 - INFO - 数值:878.000000, 指标:calculate_FP
2022-07-18 11:14:42 - INFO - 数值:3119.000000, 指标:calculate_FN
2022-07-18 11:14:42 - INFO - 数值:0.855330, 指标:calculate_precision
2022-07-18 11:14:42 - INFO - 数值:0.624669, 指标:calculate_recall
2022-07-18 11:14:42 - INFO - 数值:0.722025, 指标:calculate_F1
2022-07-18 11:14:42 - INFO - 数值:0.797640, 指标:roc_auc
2022-07-18 11:14:43 - INFO - 数值:0.104672, 指标:brier_score
2022-07-18 11:14:43 - INFO - 数值:0.895328, 指标:calculate_accuracy
2022-07-18 11:14:43 - INFO - Forest:总运行时间72.017979秒,数据读取时间5.986201秒,训练时间66.031778秒
2022-07-18 11:21:34 - INFO - train_image_ml 单帧pose训练开始--------------------------------
2022-07-18 11:21:34 - INFO - 开始训练Forest分类器:训练集数据规模(54870,82),54870
2022-07-18 11:22:43 - INFO - 数值:6018.000000, 指标:calculate_TP
2022-07-18 11:22:43 - INFO - 数值:29045.000000, 指标:calculate_TN
2022-07-18 11:22:43 - INFO - 数值:831.000000, 指标:calculate_FP
2022-07-18 11:22:43 - INFO - 数值:2292.000000, 指标:calculate_FN
2022-07-18 11:22:43 - INFO - 数值:0.878668, 指标:calculate_precision
2022-07-18 11:22:43 - INFO - 数值:0.724188, 指标:calculate_recall
2022-07-18 11:22:43 - INFO - 数值:0.793984, 指标:calculate_F1
2022-07-18 11:22:43 - INFO - 数值:0.848186, 指标:roc_auc
2022-07-18 11:22:43 - INFO - 数值:0.081784, 指标:brier_score
2022-07-18 11:22:43 - INFO - 数值:0.918216, 指标:calculate_accuracy
2022-07-18 11:22:44 - INFO - Forest:总运行时间75.943684秒,数据读取时间6.058265秒,训练时间69.885419秒
2022-07-18 11:25:48 - INFO - train_image_ml 单帧pose训练开始--------------------------------
2022-07-18 11:25:48 - INFO - 开始训练Forest分类器:训练集数据规模(54870,96),54870
2022-07-18 11:27:19 - INFO - 数值:5899.000000, 指标:calculate_TP
2022-07-18 11:27:19 - INFO - 数值:29082.000000, 指标:calculate_TN
2022-07-18 11:27:19 - INFO - 数值:794.000000, 指标:calculate_FP
2022-07-18 11:27:19 - INFO - 数值:2411.000000, 指标:calculate_FN
2022-07-18 11:27:19 - INFO - 数值:0.881369, 指标:calculate_precision
2022-07-18 11:27:19 - INFO - 数值:0.709868, 指标:calculate_recall
2022-07-18 11:27:19 - INFO - 数值:0.786376, 指标:calculate_F1
2022-07-18 11:27:19 - INFO - 数值:0.841646, 指标:roc_auc
2022-07-18 11:27:20 - INFO - 数值:0.083931, 指标:brier_score
2022-07-18 11:27:20 - INFO - 数值:0.916069, 指标:calculate_accuracy
2022-07-18 11:27:20 - INFO - Forest:总运行时间98.741652秒,数据读取时间6.580651秒,训练时间92.161002秒
2022-07-18 11:28:31 - INFO - train_image_ml 单帧pose训练开始--------------------------------
2022-07-18 11:28:31 - INFO - 开始训练Forest分类器:训练集数据规模(54870,96),54870
2022-07-18 11:29:59 - INFO - 数值:6027.000000, 指标:calculate_TP
2022-07-18 11:29:59 - INFO - 数值:29109.000000, 指标:calculate_TN
2022-07-18 11:29:59 - INFO - 数值:767.000000, 指标:calculate_FP
2022-07-18 11:29:59 - INFO - 数值:2283.000000, 指标:calculate_FN
2022-07-18 11:29:59 - INFO - 数值:0.887106, 指标:calculate_precision
2022-07-18 11:29:59 - INFO - 数值:0.725271, 指标:calculate_recall
2022-07-18 11:29:59 - INFO - 数值:0.798067, 指标:calculate_F1
2022-07-18 11:29:59 - INFO - 数值:0.849799, 指标:roc_auc
2022-07-18 11:29:59 - INFO - 数值:0.079872, 指标:brier_score
2022-07-18 11:29:59 - INFO - 数值:0.920128, 指标:calculate_accuracy
2022-07-18 11:30:00 - INFO - Forest:总运行时间95.409601秒,数据读取时间6.618461秒,训练时间88.791141秒
2022-07-18 11:35:52 - INFO - train_image_ml 单帧pose训练开始--------------------------------
2022-07-18 11:35:52 - INFO - 开始训练SGD分类器:训练集数据规模(54870,96),54870
2022-07-18 11:35:53 - INFO - 训练集正确率:87.080%,测试集正确率:83.735%
2022-07-18 11:35:53 - INFO - 数值:4016.000000, 指标:calculate_TP
2022-07-18 11:35:53 - INFO - 数值:27959.000000, 指标:calculate_TN
2022-07-18 11:35:53 - INFO - 数值:1917.000000, 指标:calculate_FP
2022-07-18 11:35:53 - INFO - 数值:4294.000000, 指标:calculate_FN
2022-07-18 11:35:53 - INFO - 数值:0.676892, 指标:calculate_precision
2022-07-18 11:35:53 - INFO - 数值:0.483273, 指标:calculate_recall
2022-07-18 11:35:54 - INFO - 数值:0.563926, 指标:calculate_F1
2022-07-18 11:35:54 - INFO - 数值:0.709554, 指标:roc_auc
2022-07-18 11:35:54 - INFO - 数值:0.162651, 指标:brier_score
2022-07-18 11:35:54 - INFO - 数值:0.837349, 指标:calculate_accuracy
2022-07-18 11:35:54 - INFO - SGD:总运行时间8.681340秒,数据读取时间6.548605秒,训练时间2.132735秒
2022-07-18 11:36:54 - INFO - train_image_ml 单帧pose训练开始--------------------------------
2022-07-18 11:36:54 - INFO - 开始训练SGD分类器:训练集数据规模(54870,82),54870
2022-07-18 11:36:56 - INFO - 训练集正确率:86.519%,测试集正确率:83.036%
2022-07-18 11:36:56 - INFO - 数值:3736.000000, 指标:calculate_TP
2022-07-18 11:36:56 - INFO - 数值:27972.000000, 指标:calculate_TN
2022-07-18 11:36:56 - INFO - 数值:1904.000000, 指标:calculate_FP
2022-07-18 11:36:56 - INFO - 数值:4574.000000, 指标:calculate_FN
2022-07-18 11:36:56 - INFO - 数值:0.662411, 指标:calculate_precision
2022-07-18 11:36:56 - INFO - 数值:0.449579, 指标:calculate_recall
2022-07-18 11:36:56 - INFO - 数值:0.535627, 指标:calculate_F1
2022-07-18 11:36:56 - INFO - 数值:0.692924, 指标:roc_auc
2022-07-18 11:36:56 - INFO - 数值:0.169643, 指标:brier_score
2022-07-18 11:36:56 - INFO - 数值:0.830357, 指标:calculate_accuracy
2022-07-18 11:36:56 - INFO - SGD:总运行时间8.023625秒,数据读取时间6.135304秒,训练时间1.888322秒
2022-07-18 11:37:36 - INFO - train_image_ml 单帧pose训练开始--------------------------------
2022-07-18 11:37:36 - INFO - 开始训练SGD分类器:训练集数据规模(54870,96),54870
2022-07-18 11:37:37 - INFO - 训练集正确率:87.110%,测试集正确率:83.057%
2022-07-18 11:37:37 - INFO - 数值:3132.000000, 指标:calculate_TP
2022-07-18 11:37:37 - INFO - 数值:28584.000000, 指标:calculate_TN
2022-07-18 11:37:37 - INFO - 数值:1292.000000, 指标:calculate_FP
2022-07-18 11:37:37 - INFO - 数值:5178.000000, 指标:calculate_FN
2022-07-18 11:37:37 - INFO - 数值:0.707957, 指标:calculate_precision
2022-07-18 11:37:37 - INFO - 数值:0.376895, 指标:calculate_recall
2022-07-18 11:37:37 - INFO - 数值:0.491911, 指标:calculate_F1
2022-07-18 11:37:37 - INFO - 数值:0.666825, 指标:roc_auc
2022-07-18 11:37:37 - INFO - 数值:0.169434, 指标:brier_score
2022-07-18 11:37:37 - INFO - 数值:0.830566, 指标:calculate_accuracy
2022-07-18 11:37:37 - INFO - SGD:总运行时间8.383230秒,数据读取时间6.625639秒,训练时间1.757591秒
2022-07-18 11:37:56 - INFO - train_image_ml 单帧pose训练开始--------------------------------
2022-07-18 11:37:56 - INFO - 开始训练SGD分类器:训练集数据规模(54870,96),54870
2022-07-18 11:37:58 - INFO - 训练集正确率:86.360%,测试集正确率:83.075%
2022-07-18 11:37:58 - INFO - 数值:4750.000000, 指标:calculate_TP
2022-07-18 11:37:58 - INFO - 数值:26973.000000, 指标:calculate_TN
2022-07-18 11:37:58 - INFO - 数值:2903.000000, 指标:calculate_FP
2022-07-18 11:37:58 - INFO - 数值:3560.000000, 指标:calculate_FN
2022-07-18 11:37:58 - INFO - 数值:0.620672, 指标:calculate_precision
2022-07-18 11:37:58 - INFO - 数值:0.571600, 指标:calculate_recall
2022-07-18 11:37:58 - INFO - 数值:0.595126, 指标:calculate_F1
2022-07-18 11:37:58 - INFO - 数值:0.737216, 指标:roc_auc
2022-07-18 11:37:58 - INFO - 数值:0.169251, 指标:brier_score
2022-07-18 11:37:59 - INFO - 数值:0.830749, 指标:calculate_accuracy
2022-07-18 11:37:59 - INFO - SGD:总运行时间8.738745秒,数据读取时间6.583240秒,训练时间2.155505秒
2022-07-18 11:39:49 - INFO - train_image_ml 单帧pose训练开始--------------------------------
2022-07-18 11:39:49 - INFO - 开始训练SGD分类器:训练集数据规模(54870,96),54870
2022-07-18 11:39:52 - INFO - 训练集正确率:86.927%,测试集正确率:83.850%
2022-07-18 11:39:52 - INFO - 数值:4584.000000, 指标:calculate_TP
2022-07-18 11:39:52 - INFO - 数值:27435.000000, 指标:calculate_TN
2022-07-18 11:39:52 - INFO - 数值:2441.000000, 指标:calculate_FP
2022-07-18 11:39:52 - INFO - 数值:3726.000000, 指标:calculate_FN
2022-07-18 11:39:52 - INFO - 数值:0.652527, 指标:calculate_precision
2022-07-18 11:39:52 - INFO - 数值:0.551625, 指标:calculate_recall
2022-07-18 11:39:53 - INFO - 数值:0.597848, 指标:calculate_F1
2022-07-18 11:39:53 - INFO - 数值:0.734960, 指标:roc_auc
2022-07-18 11:39:53 - INFO - 数值:0.161499, 指标:brier_score
2022-07-18 11:39:53 - INFO - 数值:0.838501, 指标:calculate_accuracy
2022-07-18 11:39:53 - INFO - SGD:总运行时间10.224750秒,数据读取时间6.649569秒,训练时间3.575181秒
2022-07-18 11:40:29 - INFO - train_image_ml 单帧pose训练开始--------------------------------
2022-07-18 11:40:29 - INFO - 开始训练SGD分类器:训练集数据规模(54870,96),54870
2022-07-18 11:40:32 - INFO - 训练集正确率:87.450%,测试集正确率:84.109%
2022-07-18 11:40:32 - INFO - 数值:3767.000000, 指标:calculate_TP
2022-07-18 11:40:32 - INFO - 数值:28351.000000, 指标:calculate_TN
2022-07-18 11:40:32 - INFO - 数值:1525.000000, 指标:calculate_FP
2022-07-18 11:40:32 - INFO - 数值:4543.000000, 指标:calculate_FN
2022-07-18 11:40:32 - INFO - 数值:0.711829, 指标:calculate_precision
2022-07-18 11:40:32 - INFO - 数值:0.453309, 指标:calculate_recall
2022-07-18 11:40:32 - INFO - 数值:0.553889, 指标:calculate_F1
2022-07-18 11:40:32 - INFO - 数值:0.701132, 指标:roc_auc
2022-07-18 11:40:33 - INFO - 数值:0.158906, 指标:brier_score
2022-07-18 11:40:33 - INFO - 数值:0.841094, 指标:calculate_accuracy
2022-07-18 11:40:33 - INFO - SGD:总运行时间10.008377秒,数据读取时间6.728249秒,训练时间3.280128秒
2022-07-18 11:41:09 - INFO - train_image_ml 单帧pose训练开始--------------------------------
2022-07-18 11:41:09 - INFO - 开始训练SGD分类器:训练集数据规模(54870,96),54870
2022-07-18 11:41:12 - INFO - 训练集正确率:86.900%,测试集正确率:83.580%
2022-07-18 11:41:12 - INFO - 数值:4571.000000, 指标:calculate_TP
2022-07-18 11:41:12 - INFO - 数值:27345.000000, 指标:calculate_TN
2022-07-18 11:41:12 - INFO - 数值:2531.000000, 指标:calculate_FP
2022-07-18 11:41:12 - INFO - 数值:3739.000000, 指标:calculate_FN
2022-07-18 11:41:12 - INFO - 数值:0.643622, 指标:calculate_precision
2022-07-18 11:41:12 - INFO - 数值:0.550060, 指标:calculate_recall
2022-07-18 11:41:12 - INFO - 数值:0.593174, 指标:calculate_F1
2022-07-18 11:41:12 - INFO - 数值:0.732672, 指标:roc_auc
2022-07-18 11:41:12 - INFO - 数值:0.164196, 指标:brier_score
2022-07-18 11:41:13 - INFO - 数值:0.835804, 指标:calculate_accuracy
2022-07-18 11:41:13 - INFO - SGD:总运行时间10.162174秒,数据读取时间6.629493秒,训练时间3.532681秒
2022-07-18 11:43:13 - INFO - train_image_ml 单帧pose训练开始--------------------------------
2022-07-18 11:43:13 - INFO - 开始训练LinearSVC分类器:训练集数据规模(54870,96),54870
2022-07-18 11:45:01 - INFO - 训练集正确率:87.412%,测试集正确率:83.586%
2022-07-18 11:45:01 - INFO - 数值:3581.000000, 指标:calculate_TP
2022-07-18 11:45:01 - INFO - 数值:28337.000000, 指标:calculate_TN
2022-07-18 11:45:01 - INFO - 数值:1539.000000, 指标:calculate_FP
2022-07-18 11:45:01 - INFO - 数值:4729.000000, 指标:calculate_FN
2022-07-18 11:45:02 - INFO - 数值:0.699414, 指标:calculate_precision
2022-07-18 11:45:02 - INFO - 数值:0.430927, 指标:calculate_recall
2022-07-18 11:45:02 - INFO - 数值:0.533284, 指标:calculate_F1
2022-07-18 11:45:02 - INFO - 数值:0.689707, 指标:roc_auc
2022-07-18 11:45:02 - INFO - 数值:0.164144, 指标:brier_score
2022-07-18 11:45:02 - INFO - 数值:0.835856, 指标:calculate_accuracy
2022-07-18 11:45:02 - INFO - LinearSVC:总运行时间116.099455秒,数据读取时间6.545523秒,训练时间109.553933秒
2022-07-18 11:47:04 - INFO - train_image_ml 单帧pose训练开始--------------------------------
2022-07-18 11:47:04 - INFO - 开始训练LogisticRegression分类器:训练集数据规模(54870,96),54870
2022-07-18 11:47:39 - INFO - 训练集正确率:87.463%,测试集正确率:83.827%
2022-07-18 11:47:39 - INFO - 数值:3881.000000, 指标:calculate_TP
2022-07-18 11:47:39 - INFO - 数值:28129.000000, 指标:calculate_TN
2022-07-18 11:47:39 - INFO - 数值:1747.000000, 指标:calculate_FP
2022-07-18 11:47:39 - INFO - 数值:4429.000000, 指标:calculate_FN
2022-07-18 11:47:39 - INFO - 数值:0.689588, 指标:calculate_precision
2022-07-18 11:47:39 - INFO - 数值:0.467028, 指标:calculate_recall
2022-07-18 11:47:39 - INFO - 数值:0.556895, 指标:calculate_F1
2022-07-18 11:47:39 - INFO - 数值:0.704276, 指标:roc_auc
2022-07-18 11:47:39 - INFO - 数值:0.161735, 指标:brier_score
2022-07-18 11:47:39 - INFO - 数值:0.838265, 指标:calculate_accuracy
2022-07-18 11:47:39 - INFO - LogisticRegression:总运行时间41.667819秒,数据读取时间6.762031秒,训练时间34.905788秒
2022-07-18 15:23:21 - INFO - train_video_ml 多帧pose训练开始--------------------------------
2022-07-18 15:23:21 - INFO - 开始训练Forest分类器:训练集数据规模(54870,430),54870
2022-07-18 15:25:14 - INFO - 数值:5499.000000, 指标:calculate_TP
2022-07-18 15:25:14 - INFO - 数值:28816.000000, 指标:calculate_TN
2022-07-18 15:25:14 - INFO - 数值:1060.000000, 指标:calculate_FP
2022-07-18 15:25:14 - INFO - 数值:2811.000000, 指标:calculate_FN
2022-07-18 15:25:15 - INFO - 数值:0.838390, 指标:calculate_precision
2022-07-18 15:25:15 - INFO - 数值:0.661733, 指标:calculate_recall
2022-07-18 15:25:15 - INFO - 数值:0.739660, 指标:calculate_F1
2022-07-18 15:25:15 - INFO - 数值:0.813126, 指标:roc_auc
2022-07-18 15:25:15 - INFO - 数值:0.101372, 指标:brier_score
2022-07-18 15:25:15 - INFO - 数值:0.898628, 指标:calculate_accuracy
2022-07-18 15:25:15 - INFO - Forest:总运行时间121.118732秒,数据读取时间7.391621秒,训练时间113.727111秒
2022-07-18 15:30:08 - INFO - train_video_ml 多帧pose训练开始--------------------------------
2022-07-18 15:30:08 - INFO - 开始训练SGD分类器:训练集数据规模(54870,430),54870
2022-07-18 15:30:47 - INFO - 训练集正确率:87.374%,测试集正确率:83.774%
2022-07-18 15:30:48 - INFO - 数值:3877.000000, 指标:calculate_TP
2022-07-18 15:30:48 - INFO - 数值:28113.000000, 指标:calculate_TN
2022-07-18 15:30:48 - INFO - 数值:1763.000000, 指标:calculate_FP
2022-07-18 15:30:48 - INFO - 数值:4433.000000, 指标:calculate_FN
2022-07-18 15:30:48 - INFO - 数值:0.687411, 指标:calculate_precision
2022-07-18 15:30:48 - INFO - 数值:0.466546, 指标:calculate_recall
2022-07-18 15:30:48 - INFO - 数值:0.555842, 指标:calculate_F1
2022-07-18 15:30:48 - INFO - 数值:0.703768, 指标:roc_auc
2022-07-18 15:30:48 - INFO - 数值:0.162258, 指标:brier_score
2022-07-18 15:30:48 - INFO - 数值:0.837742, 指标:calculate_accuracy
2022-07-18 15:30:48 - INFO - SGD:总运行时间48.134639秒,数据读取时间7.536761秒,训练时间40.597878秒
2022-07-18 15:31:36 - INFO - train_video_ml 多帧pose训练开始--------------------------------
2022-07-18 15:31:36 - INFO - 开始训练LinearSVC分类器:训练集数据规模(54870,430),54870
2022-07-18 15:36:48 - INFO - train_video_ml 多帧pose训练开始--------------------------------
2022-07-18 15:36:48 - INFO - 开始训练LinearSVC分类器:训练集数据规模(54870,430),54870
2022-07-18 15:38:19 - INFO - 训练集正确率:86.998%,测试集正确率:82.991%
2022-07-18 15:38:19 - INFO - 数值:3363.000000, 指标:calculate_TP
2022-07-18 15:38:19 - INFO - 数值:28328.000000, 指标:calculate_TN
2022-07-18 15:38:19 - INFO - 数值:1548.000000, 指标:calculate_FP
2022-07-18 15:38:19 - INFO - 数值:4947.000000, 指标:calculate_FN
2022-07-18 15:38:19 - INFO - 数值:0.684789, 指标:calculate_precision
2022-07-18 15:38:19 - INFO - 数值:0.404693, 指标:calculate_recall
2022-07-18 15:38:19 - INFO - 数值:0.508736, 指标:calculate_F1
2022-07-18 15:38:19 - INFO - 数值:0.676439, 指标:roc_auc
2022-07-18 15:38:20 - INFO - 数值:0.170089, 指标:brier_score
2022-07-18 15:38:20 - INFO - 数值:0.829911, 指标:calculate_accuracy
2022-07-18 15:38:20 - INFO - LinearSVC:总运行时间99.196260秒,数据读取时间7.173088秒,训练时间92.023172秒
2022-07-18 15:40:00 - INFO - train_video_ml 多帧pose训练开始--------------------------------
2022-07-18 15:40:00 - INFO - 开始训练LogisticRegression分类器:训练集数据规模(54870,430),54870
2022-07-18 15:41:32 - INFO - train_video_ml 多帧pose训练开始--------------------------------
2022-07-18 15:41:32 - INFO - 开始训练LogisticRegression分类器:训练集数据规模(54870,430),54870
2022-07-18 15:42:36 - INFO - train_video_ml 多帧pose训练开始--------------------------------
2022-07-18 15:42:36 - INFO - 开始训练LogisticRegression分类器:训练集数据规模(54870,430),54870
2022-07-18 15:43:27 - INFO - 训练集正确率:86.541%,测试集正确率:82.281%
2022-07-18 15:43:27 - INFO - 数值:3526.000000, 指标:calculate_TP
2022-07-18 15:43:27 - INFO - 数值:27894.000000, 指标:calculate_TN
2022-07-18 15:43:27 - INFO - 数值:1982.000000, 指标:calculate_FP
2022-07-18 15:43:27 - INFO - 数值:4784.000000, 指标:calculate_FN
2022-07-18 15:43:27 - INFO - 数值:0.640160, 指标:calculate_precision
2022-07-18 15:43:27 - INFO - 数值:0.424308, 指标:calculate_recall
2022-07-18 15:43:27 - INFO - 数值:0.510349, 指标:calculate_F1
2022-07-18 15:43:27 - INFO - 数值:0.678984, 指标:roc_auc
2022-07-18 15:43:28 - INFO - 数值:0.177185, 指标:brier_score
2022-07-18 15:43:28 - INFO - 数值:0.822815, 指标:calculate_accuracy
2022-07-18 15:43:28 - INFO - LogisticRegression:总运行时间59.081610秒,数据读取时间7.176248秒,训练时间51.905362秒
2022-07-18 15:45:13 - INFO - train_video_ml 多帧pose训练开始--------------------------------
2022-07-18 15:45:13 - INFO - 开始训练LogisticRegression分类器:训练集数据规模(54870,500),54870
2022-07-18 15:46:10 - INFO - 训练集正确率:85.564%,测试集正确率:82.577%
2022-07-18 15:46:10 - INFO - 数值:3013.000000, 指标:calculate_TP
2022-07-18 15:46:10 - INFO - 数值:28520.000000, 指标:calculate_TN
2022-07-18 15:46:10 - INFO - 数值:1356.000000, 指标:calculate_FP
2022-07-18 15:46:10 - INFO - 数值:5297.000000, 指标:calculate_FN
2022-07-18 15:46:10 - INFO - 数值:0.689631, 指标:calculate_precision
2022-07-18 15:46:10 - INFO - 数值:0.362575, 指标:calculate_recall
2022-07-18 15:46:10 - INFO - 数值:0.475274, 指标:calculate_F1
2022-07-18 15:46:10 - INFO - 数值:0.658594, 指标:roc_auc
2022-07-18 15:46:10 - INFO - 数值:0.174226, 指标:brier_score
2022-07-18 15:46:10 - INFO - 数值:0.825774, 指标:calculate_accuracy
2022-07-18 15:46:10 - INFO - LogisticRegression:总运行时间64.842294秒,数据读取时间7.643081秒,训练时间57.199213秒
2022-07-18 15:46:39 - INFO - train_video_ml 多帧pose训练开始--------------------------------
2022-07-18 15:46:39 - INFO - 开始训练SGD分类器:训练集数据规模(54870,500),54870
2022-07-18 15:48:01 - INFO - 训练集正确率:86.322%,测试集正确率:82.897%
2022-07-18 15:48:02 - INFO - 数值:3965.000000, 指标:calculate_TP
2022-07-18 15:48:02 - INFO - 数值:27690.000000, 指标:calculate_TN
2022-07-18 15:48:02 - INFO - 数值:2186.000000, 指标:calculate_FP
2022-07-18 15:48:02 - INFO - 数值:4345.000000, 指标:calculate_FN
2022-07-18 15:48:02 - INFO - 数值:0.644611, 指标:calculate_precision
2022-07-18 15:48:02 - INFO - 数值:0.477136, 指标:calculate_recall
2022-07-18 15:48:02 - INFO - 数值:0.548371, 指标:calculate_F1
2022-07-18 15:48:02 - INFO - 数值:0.701983, 指标:roc_auc
2022-07-18 15:48:02 - INFO - 数值:0.171031, 指标:brier_score
2022-07-18 15:48:02 - INFO - 数值:0.828969, 指标:calculate_accuracy
2022-07-18 15:48:02 - INFO - SGD:总运行时间90.500424秒,数据读取时间7.543181秒,训练时间82.957243秒
2022-07-18 15:49:33 - INFO - train_video_ml 多帧pose训练开始--------------------------------
2022-07-18 15:49:33 - INFO - 开始训练SGD分类器:训练集数据规模(54870,480),54870
2022-07-18 15:52:10 - INFO - 训练集正确率:87.605%,测试集正确率:83.960%
2022-07-18 15:52:11 - INFO - 数值:4106.000000, 指标:calculate_TP
2022-07-18 15:52:11 - INFO - 数值:27955.000000, 指标:calculate_TN
2022-07-18 15:52:11 - INFO - 数值:1921.000000, 指标:calculate_FP
2022-07-18 15:52:11 - INFO - 数值:4204.000000, 指标:calculate_FN
2022-07-18 15:52:11 - INFO - 数值:0.681268, 指标:calculate_precision
2022-07-18 15:52:11 - INFO - 数值:0.494103, 指标:calculate_recall
2022-07-18 15:52:11 - INFO - 数值:0.572784, 指标:calculate_F1
2022-07-18 15:52:11 - INFO - 数值:0.714902, 指标:roc_auc
2022-07-18 15:52:11 - INFO - 数值:0.160399, 指标:brier_score
2022-07-18 15:52:11 - INFO - 数值:0.839601, 指标:calculate_accuracy
2022-07-18 15:52:11 - INFO - SGD:总运行时间165.487713秒,数据读取时间7.706712秒,训练时间157.781001秒
2022-07-18 15:52:40 - INFO - train_video_ml 多帧pose训练开始--------------------------------
2022-07-18 15:52:40 - INFO - 开始训练Forest分类器:训练集数据规模(54870,480),54870
2022-07-18 15:55:20 - INFO - 数值:6063.000000, 指标:calculate_TP
2022-07-18 15:55:20 - INFO - 数值:29084.000000, 指标:calculate_TN
2022-07-18 15:55:20 - INFO - 数值:792.000000, 指标:calculate_FP
2022-07-18 15:55:20 - INFO - 数值:2247.000000, 指标:calculate_FN
2022-07-18 15:55:20 - INFO - 数值:0.884464, 指标:calculate_precision
2022-07-18 15:55:20 - INFO - 数值:0.729603, 指标:calculate_recall
2022-07-18 15:55:20 - INFO - 数值:0.799604, 指标:calculate_F1
2022-07-18 15:55:20 - INFO - 数值:0.851547, 指标:roc_auc
2022-07-18 15:55:20 - INFO - 数值:0.079584, 指标:brier_score
2022-07-18 15:55:21 - INFO - 数值:0.920416, 指标:calculate_accuracy
2022-07-18 15:55:21 - INFO - Forest:总运行时间168.096302秒,数据读取时间7.559216秒,训练时间160.537086秒
2022-07-18 15:56:09 - INFO - train_video_ml 多帧pose训练开始--------------------------------
2022-07-18 15:56:09 - INFO - 开始训练Forest分类器:训练集数据规模(54870,410),54870
2022-07-18 15:58:02 - INFO - 数值:5198.000000, 指标:calculate_TP
2022-07-18 15:58:02 - INFO - 数值:29020.000000, 指标:calculate_TN
2022-07-18 15:58:02 - INFO - 数值:856.000000, 指标:calculate_FP
2022-07-18 15:58:02 - INFO - 数值:3112.000000, 指标:calculate_FN
2022-07-18 15:58:03 - INFO - 数值:0.858606, 指标:calculate_precision
2022-07-18 15:58:03 - INFO - 数值:0.625511, 指标:calculate_recall
2022-07-18 15:58:03 - INFO - 数值:0.723754, 指标:calculate_F1
2022-07-18 15:58:03 - INFO - 数值:0.798430, 指标:roc_auc
2022-07-18 15:58:03 - INFO - 数值:0.103912, 指标:brier_score
2022-07-18 15:58:03 - INFO - 数值:0.896088, 指标:calculate_accuracy
2022-07-18 15:58:03 - INFO - Forest:总运行时间121.795996秒,数据读取时间7.375576秒,训练时间114.420420秒
2022-07-18 15:58:39 - INFO - train_video_ml 多帧pose训练开始--------------------------------
2022-07-18 15:58:39 - INFO - 开始训练Forest分类器:训练集数据规模(54870,480),54870
2022-07-18 16:01:17 - INFO - 数值:6063.000000, 指标:calculate_TP
2022-07-18 16:01:17 - INFO - 数值:29084.000000, 指标:calculate_TN
2022-07-18 16:01:17 - INFO - 数值:792.000000, 指标:calculate_FP
2022-07-18 16:01:17 - INFO - 数值:2247.000000, 指标:calculate_FN
2022-07-18 16:01:17 - INFO - 数值:0.884464, 指标:calculate_precision
2022-07-18 16:01:17 - INFO - 数值:0.729603, 指标:calculate_recall
2022-07-18 16:01:18 - INFO - 数值:0.799604, 指标:calculate_F1
2022-07-18 16:01:18 - INFO - 数值:0.851547, 指标:roc_auc
2022-07-18 16:01:18 - INFO - 数值:0.079584, 指标:brier_score
2022-07-18 16:01:18 - INFO - 数值:0.920416, 指标:calculate_accuracy
2022-07-18 16:01:18 - INFO - Forest:总运行时间167.008525秒,数据读取时间7.605650秒,训练时间159.402875秒
2022-07-18 16:41:50 - INFO - train_video_ml 多帧pose训练开始--------------------------------
2022-07-18 16:41:50 - INFO - 开始训练SGD分类器:训练集数据规模(54870,480),54870
2022-07-18 16:47:07 - INFO - 训练集正确率:87.312%,测试集正确率:83.413%
2022-07-18 16:47:07 - INFO - 数值:4067.000000, 指标:calculate_TP
2022-07-18 16:47:07 - INFO - 数值:27785.000000, 指标:calculate_TN
2022-07-18 16:47:07 - INFO - 数值:2091.000000, 指标:calculate_FP
2022-07-18 16:47:07 - INFO - 数值:4243.000000, 指标:calculate_FN
2022-07-18 16:47:07 - INFO - 数值:0.660442, 指标:calculate_precision
2022-07-18 16:47:07 - INFO - 数值:0.489410, 指标:calculate_recall
2022-07-18 16:47:07 - INFO - 数值:0.562206, 指标:calculate_F1
2022-07-18 16:47:07 - INFO - 数值:0.709711, 指标:roc_auc
2022-07-18 16:47:07 - INFO - 数值:0.165872, 指标:brier_score
2022-07-18 16:47:08 - INFO - 数值:0.834128, 指标:calculate_accuracy
2022-07-18 16:47:08 - INFO - SGD:总运行时间325.629791秒,数据读取时间7.540298秒,训练时间318.089493秒
2022-07-18 16:48:01 - INFO - train_video_ml 多帧pose训练开始--------------------------------
2022-07-18 16:48:01 - INFO - 开始训练LinearSVC分类器:训练集数据规模(54870,480),54870
2022-07-18 16:50:12 - INFO - 训练集正确率:88.179%,测试集正确率:84.109%
2022-07-18 16:50:12 - INFO - 数值:3748.000000, 指标:calculate_TP
2022-07-18 16:50:12 - INFO - 数值:28370.000000, 指标:calculate_TN
2022-07-18 16:50:12 - INFO - 数值:1506.000000, 指标:calculate_FP
2022-07-18 16:50:12 - INFO - 数值:4562.000000, 指标:calculate_FN
2022-07-18 16:50:12 - INFO - 数值:0.713361, 指标:calculate_precision
2022-07-18 16:50:12 - INFO - 数值:0.451023, 指标:calculate_recall
2022-07-18 16:50:12 - INFO - 数值:0.552639, 指标:calculate_F1
2022-07-18 16:50:12 - INFO - 数值:0.700307, 指标:roc_auc
2022-07-18 16:50:13 - INFO - 数值:0.158906, 指标:brier_score
2022-07-18 16:50:13 - INFO - 数值:0.841094, 指标:calculate_accuracy
2022-07-18 16:50:13 - INFO - LinearSVC:总运行时间139.635890秒,数据读取时间7.590392秒,训练时间132.045498秒
2022-07-18 16:50:33 - INFO - train_video_ml 多帧pose训练开始--------------------------------
2022-07-18 16:50:33 - INFO - 开始训练LogisticRegression分类器:训练集数据规模(54870,480),54870
2022-07-18 16:51:34 - INFO - 训练集正确率:87.979%,测试集正确率:84.060%
2022-07-18 16:51:34 - INFO - 数值:3986.000000, 指标:calculate_TP
2022-07-18 16:51:34 - INFO - 数值:28113.000000, 指标:calculate_TN
2022-07-18 16:51:34 - INFO - 数值:1763.000000, 指标:calculate_FP
2022-07-18 16:51:34 - INFO - 数值:4324.000000, 指标:calculate_FN
2022-07-18 16:51:34 - INFO - 数值:0.693338, 指标:calculate_precision
2022-07-18 16:51:34 - INFO - 数值:0.479663, 指标:calculate_recall
2022-07-18 16:51:35 - INFO - 数值:0.567039, 指标:calculate_F1
2022-07-18 16:51:35 - INFO - 数值:0.710326, 指标:roc_auc
2022-07-18 16:51:35 - INFO - 数值:0.159404, 指标:brier_score
2022-07-18 16:51:35 - INFO - 数值:0.840596, 指标:calculate_accuracy
2022-07-18 16:51:35 - INFO - LogisticRegression:总运行时间69.402791秒,数据读取时间7.597273秒,训练时间61.805518秒
